2019-10-24 22:02:47,552 [INFO] Activator:176 - 


2019-10-24 22:02:47,557 [INFO] Activator:177 - !SESSION log4j initialized
2019-10-24 22:02:53,646 [INFO] ApplicationProperties:181 - Using Application install path: C:\ST\STM32CubeIDE_1.0.2\STM32CubeIDE\plugins\com.st.stm32cube.common.mx_5.4.0.201910091541
2019-10-24 22:02:53,662 [INFO] DbMcusXml:68 - Set database path to: C:\ST\STM32CubeIDE_1.0.2\STM32CubeIDE\plugins\com.st.stm32cube.common.mx_5.4.0.201910091541\\db\/mcu/
2019-10-24 22:02:53,667 [INFO] DbBoardsPdsc:54 - Set plugin database path to: C:\ST\STM32CubeIDE_1.0.2\STM32CubeIDE\plugins\com.st.stm32cube.common.mx_5.4.0.201910091541\\db\/plugins/boardmanager/
2019-10-24 22:02:53,667 [INFO] DbMcus:265 - Set plugin images path to: C:\ST\STM32CubeIDE_1.0.2\STM32CubeIDE\plugins\com.st.stm32cube.common.mx_5.4.0.201910091541\\db\/plugins/mcufinder/images/
2019-10-24 22:02:53,668 [INFO] DbBoards:232 - Set plugin images path to: C:\ST\STM32CubeIDE_1.0.2\STM32CubeIDE\plugins\com.st.stm32cube.common.mx_5.4.0.201910091541\\db\/plugins/mcufinder/images/
2019-10-24 22:02:53,670 [INFO] APIGFXSelector:72 - Set database path to: C:\ST\STM32CubeIDE_1.0.2\STM32CubeIDE\plugins\com.st.stm32cube.common.mx_5.4.0.201910091541\\db\/plugins/mcufinder/mcu/
2019-10-24 22:02:53,680 [INFO] DbMcusAds:72 - Set database path to: C:\Users\ярчик\.stmcufinder\plugins\mcufinder//mcu/
2019-10-24 22:02:53,681 [INFO] DbMcusDocs:92 - Set database path to: C:\Users\ярчик\.stmcufinder\plugins\mcufinder//mcu/
2019-10-24 22:02:53,683 [INFO] DbMcusJson:59 - Set database path to: C:\Users\ярчик\.stmcufinder\plugins\mcufinder//mcu/
2019-10-24 22:02:53,683 [INFO] DbBoardsDocs:84 - Set database path to: C:\Users\ярчик\.stmcufinder\plugins\mcufinder//mcu/
2019-10-24 22:02:53,685 [INFO] DbBoardsJson:51 - Set database path to: C:\Users\ярчик\.stmcufinder\plugins\mcufinder//mcu/
2019-10-24 22:02:57,826 [INFO] CrossReferenceDbSqlite:197 - Set database path to: C:\Users\ярчик\.stmcufinder\plugins\mcufinder//mcu/cs/
2019-10-24 22:02:57,980 [INFO] RulesReader:52 - Compatibility file has been processed (179 Rules)
2019-10-24 22:02:58,122 [INFO] MicroXplorer:570 - Detected Java Version = 1.8.0_202
2019-10-24 22:02:58,123 [INFO] DbMcusXml:68 - Set database path to: C:\ST\STM32CubeIDE_1.0.2\STM32CubeIDE\plugins\com.st.stm32cube.common.mx_5.4.0.201910091541\\db\/mcu/
2019-10-24 22:02:58,123 [INFO] DbBoardsPdsc:54 - Set plugin database path to: C:\ST\STM32CubeIDE_1.0.2\STM32CubeIDE\plugins\com.st.stm32cube.common.mx_5.4.0.201910091541\\db\/plugins/boardmanager/
2019-10-24 22:02:58,124 [INFO] DbMcus:265 - Set plugin images path to: C:\ST\STM32CubeIDE_1.0.2\STM32CubeIDE\plugins\com.st.stm32cube.common.mx_5.4.0.201910091541\\db\/plugins/mcufinder/images/
2019-10-24 22:02:58,124 [INFO] DbBoards:232 - Set plugin images path to: C:\ST\STM32CubeIDE_1.0.2\STM32CubeIDE\plugins\com.st.stm32cube.common.mx_5.4.0.201910091541\\db\/plugins/mcufinder/images/
2019-10-24 22:02:58,125 [INFO] APIGFXSelector:72 - Set database path to: C:\ST\STM32CubeIDE_1.0.2\STM32CubeIDE\plugins\com.st.stm32cube.common.mx_5.4.0.201910091541\\db\/plugins/mcufinder/mcu/
2019-10-24 22:02:58,125 [WARN] DbFile:31 - Overriding database path with different value: C:\Users\ярчик\.stmcufinder\plugins\mcufinder/ => C:\Users\ярчик\.stmcufinder\plugins\mcufinder
2019-10-24 22:02:58,126 [INFO] DbMcusAds:72 - Set database path to: C:\Users\ярчик\.stmcufinder\plugins\mcufinder//mcu/
2019-10-24 22:02:58,126 [WARN] DbFile:31 - Overriding database path with different value: C:\Users\ярчик\.stmcufinder\plugins\mcufinder/ => C:\Users\ярчик\.stmcufinder\plugins\mcufinder
2019-10-24 22:02:58,126 [INFO] DbMcusDocs:92 - Set database path to: C:\Users\ярчик\.stmcufinder\plugins\mcufinder//mcu/
2019-10-24 22:02:58,126 [WARN] DbFile:31 - Overriding database path with different value: C:\Users\ярчик\.stmcufinder\plugins\mcufinder/ => C:\Users\ярчик\.stmcufinder\plugins\mcufinder
2019-10-24 22:02:58,126 [INFO] DbMcusJson:59 - Set database path to: C:\Users\ярчик\.stmcufinder\plugins\mcufinder//mcu/
2019-10-24 22:02:58,126 [WARN] DbFile:31 - Overriding database path with different value: C:\Users\ярчик\.stmcufinder\plugins\mcufinder/ => C:\Users\ярчик\.stmcufinder\plugins\mcufinder
2019-10-24 22:02:58,126 [INFO] DbBoardsDocs:84 - Set database path to: C:\Users\ярчик\.stmcufinder\plugins\mcufinder//mcu/
2019-10-24 22:02:58,127 [WARN] DbFile:31 - Overriding database path with different value: C:\Users\ярчик\.stmcufinder\plugins\mcufinder/ => C:\Users\ярчик\.stmcufinder\plugins\mcufinder
2019-10-24 22:02:58,127 [INFO] DbBoardsJson:51 - Set database path to: C:\Users\ярчик\.stmcufinder\plugins\mcufinder//mcu/
2019-10-24 22:02:58,127 [WARN] DbFile:31 - Overriding database path with different value: C:\Users\ярчик\.stmcufinder\plugins\mcufinder/ => C:\Users\ярчик\.stmcufinder\plugins\mcufinder
2019-10-24 22:02:58,128 [WARN] DbFile:31 - Overriding database path with different value: C:\Users\ярчик\.stmcufinder\plugins\mcufinder/ => C:\Users\ярчик\.stmcufinder\plugins\mcufinder
2019-10-24 22:02:58,128 [INFO] CrossReferenceDbSqlite:197 - Set database path to: C:\Users\ярчик\.stmcufinder\plugins\mcufinder//mcu/cs/
2019-10-24 22:02:58,216 [INFO] MainPanel:185 - HeapMemory: 268435456
2019-10-24 22:02:58,329 [INFO] DbMcusXml:68 - Set database path to: C:\ST\STM32CubeIDE_1.0.2\STM32CubeIDE\plugins\com.st.stm32cube.common.mx_5.4.0.201910091541\\db\/mcu/
2019-10-24 22:02:58,330 [INFO] DbBoardsPdsc:54 - Set plugin database path to: C:\ST\STM32CubeIDE_1.0.2\STM32CubeIDE\plugins\com.st.stm32cube.common.mx_5.4.0.201910091541\\db\/plugins/boardmanager/
2019-10-24 22:02:58,330 [INFO] DbMcus:265 - Set plugin images path to: C:\ST\STM32CubeIDE_1.0.2\STM32CubeIDE\plugins\com.st.stm32cube.common.mx_5.4.0.201910091541\\db\/plugins/mcufinder/images/
2019-10-24 22:02:58,330 [INFO] DbBoards:232 - Set plugin images path to: C:\ST\STM32CubeIDE_1.0.2\STM32CubeIDE\plugins\com.st.stm32cube.common.mx_5.4.0.201910091541\\db\/plugins/mcufinder/images/
2019-10-24 22:02:58,331 [INFO] APIGFXSelector:72 - Set database path to: C:\ST\STM32CubeIDE_1.0.2\STM32CubeIDE\plugins\com.st.stm32cube.common.mx_5.4.0.201910091541\\db\/plugins/mcufinder/mcu/
2019-10-24 22:02:58,332 [WARN] DbFile:31 - Overriding database path with different value: C:\Users\ярчик\.stmcufinder\plugins\mcufinder/ => C:\Users\ярчик\.stmcufinder\plugins\mcufinder
2019-10-24 22:02:58,332 [INFO] DbMcusAds:72 - Set database path to: C:\Users\ярчик\.stmcufinder\plugins\mcufinder//mcu/
2019-10-24 22:02:58,333 [WARN] DbFile:31 - Overriding database path with different value: C:\Users\ярчик\.stmcufinder\plugins\mcufinder/ => C:\Users\ярчик\.stmcufinder\plugins\mcufinder
2019-10-24 22:02:58,333 [INFO] DbMcusDocs:92 - Set database path to: C:\Users\ярчик\.stmcufinder\plugins\mcufinder//mcu/
2019-10-24 22:02:58,333 [WARN] DbFile:31 - Overriding database path with different value: C:\Users\ярчик\.stmcufinder\plugins\mcufinder/ => C:\Users\ярчик\.stmcufinder\plugins\mcufinder
2019-10-24 22:02:58,333 [INFO] DbMcusJson:59 - Set database path to: C:\Users\ярчик\.stmcufinder\plugins\mcufinder//mcu/
2019-10-24 22:02:58,334 [WARN] DbFile:31 - Overriding database path with different value: C:\Users\ярчик\.stmcufinder\plugins\mcufinder/ => C:\Users\ярчик\.stmcufinder\plugins\mcufinder
2019-10-24 22:02:58,334 [INFO] DbBoardsDocs:84 - Set database path to: C:\Users\ярчик\.stmcufinder\plugins\mcufinder//mcu/
2019-10-24 22:02:58,335 [WARN] DbFile:31 - Overriding database path with different value: C:\Users\ярчик\.stmcufinder\plugins\mcufinder/ => C:\Users\ярчик\.stmcufinder\plugins\mcufinder
2019-10-24 22:02:58,335 [INFO] DbBoardsJson:51 - Set database path to: C:\Users\ярчик\.stmcufinder\plugins\mcufinder//mcu/
2019-10-24 22:02:58,335 [WARN] DbFile:31 - Overriding database path with different value: C:\Users\ярчик\.stmcufinder\plugins\mcufinder/ => C:\Users\ярчик\.stmcufinder\plugins\mcufinder
2019-10-24 22:02:58,335 [WARN] DbFile:31 - Overriding database path with different value: C:\Users\ярчик\.stmcufinder\plugins\mcufinder/ => C:\Users\ярчик\.stmcufinder\plugins\mcufinder
2019-10-24 22:02:58,336 [INFO] CrossReferenceDbSqlite:197 - Set database path to: C:\Users\ярчик\.stmcufinder\plugins\mcufinder//mcu/cs/
2019-10-24 22:02:58,369 [INFO] ApplicationProperties:181 - Using Application install path: C:\ST\STM32CubeIDE_1.0.2\STM32CubeIDE\plugins\com.st.stm32cube.common.mx_5.4.0.201910091541
2019-10-24 22:02:58,372 [INFO] PluginManage:178 - Search for loadable plugins [exclusion list=]
2019-10-24 22:02:58,374 [INFO] PluginManage:292 - Check plugin analytics
2019-10-24 22:02:58,387 [INFO] PluginManage:342 - Loaded plugin analytics (category:tool,tabindex:-1)
2019-10-24 22:02:58,387 [INFO] PluginManage:292 - Check plugin clock
2019-10-24 22:02:58,410 [INFO] PluginManage:342 - Loaded plugin clock (category:base,tabindex:2)
2019-10-24 22:02:58,410 [INFO] PluginManage:292 - Check plugin ddr
2019-10-24 22:02:58,416 [INFO] PluginManage:342 - Loaded plugin ddr (category:tool,tabindex:6)
2019-10-24 22:02:58,416 [INFO] PluginManage:292 - Check plugin filemanager
2019-10-24 22:02:58,614 [INFO] PluginManage:342 - Loaded plugin filemanager (category:base,tabindex:10)
2019-10-24 22:02:58,614 [INFO] PluginManage:292 - Check plugin ipmanager
2019-10-24 22:02:58,625 [INFO] PluginManage:342 - Loaded plugin ipmanager (category:base,tabindex:5)
2019-10-24 22:02:58,626 [INFO] PluginManage:292 - Check plugin pinoutandconfiguration
2019-10-24 22:02:58,638 [INFO] PluginManage:342 - Loaded plugin pinoutandconfiguration (category:base,tabindex:1)
2019-10-24 22:02:58,638 [INFO] PluginManage:292 - Check plugin pinoutconfig
2019-10-24 22:02:58,674 [INFO] PluginManage:342 - Loaded plugin pinoutconfig (category:base,tabindex:0)
2019-10-24 22:02:58,674 [INFO] PluginManage:292 - Check plugin power
2019-10-24 22:02:58,693 [INFO] PluginManage:342 - Loaded plugin power (category:power,tabindex:4)
2019-10-24 22:02:58,693 [INFO] PluginManage:292 - Check plugin projectmanager
2019-10-24 22:02:58,713 [INFO] PluginManage:342 - Loaded plugin projectmanager (category:projectmanager,tabindex:3)
2019-10-24 22:02:58,713 [INFO] PluginManage:292 - Check plugin thirdparty
2019-10-24 22:02:58,740 [ERROR] XmlFileManage:127 - Cannot load XML file C:/Users/ярчик/.stm32cubemx/plugins/thirdparty/db/thirdparties_db.xml: unknown protocol: c
2019-10-24 22:02:58,742 [INFO] ThirdPartyDb:294 - Open Third Party DataBase File (C:/Users/ярчик/.stm32cubemx/plugins/thirdparty/db/thirdparties_db.xml) : 0 ms. number of Sw pack : 0
2019-10-24 22:02:58,765 [INFO] PluginManage:342 - Loaded plugin thirdparty (category:base,tabindex:-1)
2019-10-24 22:02:58,765 [INFO] PluginManage:292 - Check plugin tools
2019-10-24 22:02:58,770 [INFO] PluginManage:342 - Loaded plugin tools (category:base,tabindex:7)
2019-10-24 22:02:58,771 [INFO] PluginManage:292 - Check plugin updater
2019-10-24 22:02:58,793 [INFO] PluginManage:342 - Loaded plugin updater (category:base,tabindex:12)
2019-10-24 22:02:58,794 [INFO] PluginManage:265 - PluginManage : Loaded plugins [12]
2019-10-24 22:02:59,127 [INFO] PinOutPanel:1367 - setPackage(No Configuration,No Configuration)
2019-10-24 22:02:59,288 [INFO] IPUIPlugin:63 - create IPUIPlugin
2019-10-24 22:02:59,288 [INFO] PluginManager:200 - loadIPPluginJar : add adc
2019-10-24 22:02:59,295 [INFO] IPUIPlugin:63 - create IPUIPlugin
2019-10-24 22:02:59,296 [INFO] PluginManager:200 - loadIPPluginJar : add aes
2019-10-24 22:02:59,302 [INFO] IPUIPlugin:63 - create IPUIPlugin
2019-10-24 22:02:59,302 [INFO] PluginManager:200 - loadIPPluginJar : add can
2019-10-24 22:02:59,306 [INFO] IPUIPlugin:63 - create IPUIPlugin
2019-10-24 22:02:59,307 [INFO] PluginManager:200 - loadIPPluginJar : add comp
2019-10-24 22:02:59,312 [INFO] IPUIPlugin:63 - create IPUIPlugin
2019-10-24 22:02:59,313 [INFO] PluginManager:200 - loadIPPluginJar : add cryp
2019-10-24 22:02:59,318 [INFO] IPUIPlugin:63 - create IPUIPlugin
2019-10-24 22:02:59,319 [INFO] PluginManager:200 - loadIPPluginJar : add dfsdm
2019-10-24 22:02:59,330 [INFO] IPUIPlugin:63 - create IPUIPlugin
2019-10-24 22:02:59,332 [INFO] PluginManager:200 - loadIPPluginJar : add dma
2019-10-24 22:02:59,336 [INFO] IPUIPlugin:63 - create IPUIPlugin
2019-10-24 22:02:59,336 [INFO] PluginManager:200 - loadIPPluginJar : add fatfs
2019-10-24 22:02:59,345 [INFO] IPUIPlugin:63 - create IPUIPlugin
2019-10-24 22:02:59,346 [INFO] PluginManager:200 - loadIPPluginJar : add fmc
2019-10-24 22:02:59,360 [INFO] IPUIPlugin:63 - create IPUIPlugin
2019-10-24 22:02:59,362 [INFO] PluginManager:200 - loadIPPluginJar : add freertos
2019-10-24 22:02:59,404 [INFO] IPUIPlugin:63 - create IPUIPlugin
2019-10-24 22:02:59,408 [INFO] PluginManager:200 - loadIPPluginJar : add genericplugin
2019-10-24 22:02:59,413 [INFO] IPUIPlugin:63 - create IPUIPlugin
2019-10-24 22:02:59,414 [INFO] PluginManager:200 - loadIPPluginJar : add gfxmmu
2019-10-24 22:02:59,421 [INFO] IPUIPlugin:63 - create IPUIPlugin
2019-10-24 22:02:59,422 [INFO] PluginManager:200 - loadIPPluginJar : add gfxsimulator
2019-10-24 22:02:59,434 [INFO] IPUIPlugin:63 - create IPUIPlugin
2019-10-24 22:02:59,436 [INFO] PluginManager:200 - loadIPPluginJar : add gic
2019-10-24 22:02:59,445 [INFO] IPUIPlugin:63 - create IPUIPlugin
2019-10-24 22:02:59,445 [INFO] PluginManager:200 - loadIPPluginJar : add gpio
2019-10-24 22:02:59,451 [INFO] IPUIPlugin:63 - create IPUIPlugin
2019-10-24 22:02:59,452 [INFO] PluginManager:200 - loadIPPluginJar : add gtzc
2019-10-24 22:02:59,468 [INFO] IPUIPlugin:63 - create IPUIPlugin
2019-10-24 22:02:59,469 [INFO] PluginManager:200 - loadIPPluginJar : add hash
2019-10-24 22:02:59,475 [INFO] IPUIPlugin:63 - create IPUIPlugin
2019-10-24 22:02:59,476 [INFO] PluginManager:200 - loadIPPluginJar : add i2c
2019-10-24 22:02:59,482 [INFO] IPUIPlugin:63 - create IPUIPlugin
2019-10-24 22:02:59,482 [INFO] PluginManager:200 - loadIPPluginJar : add i2s
2019-10-24 22:02:59,490 [INFO] IPUIPlugin:63 - create IPUIPlugin
2019-10-24 22:02:59,490 [INFO] PluginManager:200 - loadIPPluginJar : add ipddr
2019-10-24 22:02:59,497 [INFO] IPUIPlugin:63 - create IPUIPlugin
2019-10-24 22:02:59,498 [INFO] PluginManager:200 - loadIPPluginJar : add ltdc
2019-10-24 22:02:59,506 [INFO] IPUIPlugin:63 - create IPUIPlugin
2019-10-24 22:02:59,507 [INFO] PluginManager:200 - loadIPPluginJar : add mdma
2019-10-24 22:02:59,536 [INFO] IPUIPlugin:63 - create IPUIPlugin
2019-10-24 22:02:59,537 [INFO] PluginManager:200 - loadIPPluginJar : add nvic
2019-10-24 22:02:59,542 [INFO] IPUIPlugin:63 - create IPUIPlugin
2019-10-24 22:02:59,544 [INFO] PluginManager:200 - loadIPPluginJar : add opamp
2019-10-24 22:02:59,549 [INFO] IPUIPlugin:63 - create IPUIPlugin
2019-10-24 22:02:59,550 [INFO] PluginManager:200 - loadIPPluginJar : add pdm2pcm
2019-10-24 22:02:59,564 [INFO] IPUIPlugin:63 - create IPUIPlugin
2019-10-24 22:02:59,571 [INFO] PluginManager:200 - loadIPPluginJar : add plateformsettings
2019-10-24 22:02:59,575 [INFO] IPUIPlugin:63 - create IPUIPlugin
2019-10-24 22:02:59,576 [INFO] PluginManager:200 - loadIPPluginJar : add quadspi
2019-10-24 22:02:59,583 [INFO] IPUIPlugin:63 - create IPUIPlugin
2019-10-24 22:02:59,583 [INFO] PluginManager:200 - loadIPPluginJar : add resmgrutility
2019-10-24 22:02:59,590 [INFO] IPUIPlugin:63 - create IPUIPlugin
2019-10-24 22:02:59,591 [INFO] PluginManager:200 - loadIPPluginJar : add sai
2019-10-24 22:02:59,597 [INFO] IPUIPlugin:63 - create IPUIPlugin
2019-10-24 22:02:59,597 [INFO] PluginManager:200 - loadIPPluginJar : add spi
2019-10-24 22:02:59,604 [INFO] IPUIPlugin:63 - create IPUIPlugin
2019-10-24 22:02:59,605 [INFO] PluginManager:200 - loadIPPluginJar : add stm32_wpan
2019-10-24 22:02:59,608 [INFO] IPUIPlugin:63 - create IPUIPlugin
2019-10-24 22:02:59,609 [INFO] PluginManager:200 - loadIPPluginJar : add tim
2019-10-24 22:02:59,616 [INFO] IPUIPlugin:63 - create IPUIPlugin
2019-10-24 22:02:59,617 [INFO] PluginManager:200 - loadIPPluginJar : add touchsensing
2019-10-24 22:02:59,622 [INFO] IPUIPlugin:63 - create IPUIPlugin
2019-10-24 22:02:59,623 [INFO] PluginManager:200 - loadIPPluginJar : add tracer_emb
2019-10-24 22:02:59,628 [INFO] IPUIPlugin:63 - create IPUIPlugin
2019-10-24 22:02:59,628 [INFO] PluginManager:200 - loadIPPluginJar : add ts
2019-10-24 22:02:59,631 [INFO] IPUIPlugin:63 - create IPUIPlugin
2019-10-24 22:02:59,631 [INFO] PluginManager:200 - loadIPPluginJar : add tsc
2019-10-24 22:02:59,635 [INFO] IPUIPlugin:63 - create IPUIPlugin
2019-10-24 22:02:59,636 [INFO] PluginManager:200 - loadIPPluginJar : add ucpd
2019-10-24 22:02:59,640 [INFO] IPUIPlugin:63 - create IPUIPlugin
2019-10-24 22:02:59,641 [INFO] PluginManager:200 - loadIPPluginJar : add usart
2019-10-24 22:03:00,546 [INFO] BoardConnectionPanel:220 - [DDR PANEL] osNameString: Windows
2019-10-24 22:03:00,709 [INFO] BoardConnectionPanel:3149 - [DDR PANEL] STM32CubeIDE environment
2019-10-24 22:03:00,710 [INFO] MainDdrPanel:100 - [DDR PANEL] GETTER - cubeProgrammerPath is: null
2019-10-24 22:03:00,909 [FATAL] Updater:277 - Updater called before beeing initialized
2019-10-24 22:03:01,194 [FATAL] Updater:277 - Updater called before beeing initialized
2019-10-24 22:03:01,206 [INFO] PinOutPanel:1367 - setPackage(No Configuration,No Configuration)
2019-10-24 22:03:01,207 [FATAL] Updater:277 - Updater called before beeing initialized
2019-10-24 22:03:01,213 [INFO] BoardConnectionPanel:3149 - [DDR PANEL] STM32CubeIDE environment
2019-10-24 22:03:01,214 [INFO] MainDdrPanel:100 - [DDR PANEL] GETTER - cubeProgrammerPath is: C:\ST\STM32CubeIDE_1.0.2\STM32CubeIDE\plugins\com.st.stm32cube.ide.mcu.externaltools.cubeprogrammer.win32_1.1.0.201910081157\tools\bin
2019-10-24 22:03:01,223 [INFO] ProgrammerExecThread:148 - [ProgrammerAPI] CubeProgrammer command construction: C:\ST\STM32CubeIDE_1.0.2\STM32CubeIDE\plugins\com.st.stm32cube.ide.mcu.externaltools.cubeprogrammer.win32_1.1.0.201910081157\tools\bin\STM32_Programmer_CLI.exe -l
2019-10-24 22:03:01,423 [INFO] MainDdrPanel:90 - [DDR PANEL] SETTER - Set cubeProgrammerPath to: C:\ST\STM32CubeIDE_1.0.2\STM32CubeIDE\plugins\com.st.stm32cube.ide.mcu.externaltools.cubeprogrammer.win32_1.1.0.201910081157\tools\bin
2019-10-24 22:03:01,431 [INFO] Updater:886 - Updater Version found : 5.4.0
2019-10-24 22:03:01,459 [INFO] ApplicationProperties:181 - Using Application install path: C:\ST\STM32CubeIDE_1.0.2\STM32CubeIDE\plugins\com.st.stm32cube.common.mx_5.4.0.201910091541
2019-10-24 22:03:01,763 [FATAL] Updater:277 - Updater called before beeing initialized
2019-10-24 22:03:01,763 [ERROR] IntegrityCheckThread:230 - Cannot obtain thirdParties list 21
2019-10-24 22:03:01,763 [ERROR] IntegrityCheckThread:99 - Unexpected exception IntegrityCheckThread Thread: Updater error
2019-10-24 22:03:01,764 [INFO] ThirdPartyDb:264 - Close Third Party DataBase File (C:/Users/ярчик/.stm32cubemx/plugins/thirdparty/db/thirdparties_db.xml)
2019-10-24 22:03:01,828 [INFO] MainUpdater:2232 - connection check result : 10
2019-10-24 22:03:01,829 [INFO] MainUpdater:2859 - Updater definition file requires update
2019-10-24 22:03:01,831 [INFO] MainUpdater:236 - Updater Check For Update Now.
2019-10-24 22:03:01,832 [INFO] MicroXplorer:420 - Change Database Version : DB.5.0.40
2019-10-24 22:03:01,885 [INFO] ServerAccessManage:348 - Download File updaters.zip
2019-10-24 22:03:01,886 [ERROR] ServerAccessManage:412 - IOException during http download : C:\Users\–ѓ—А—З–Є–Ї\.stm32cubemx\plugins\updater\temp\updaters.zip.tmp (—истеме не удаетс€ найти указанный путь)
2019-10-24 22:03:01,888 [ERROR] LogOutputStream:74 - [STDERR_REDIRECT] java.io.FileNotFoundException: C:\Users\ярчик\.stm32cubemx\plugins\updater\temp\updaters.zip.tmp (??????? ?? ??????? ????? ????????? ????)
2019-10-24 22:03:01,892 [ERROR] LogOutputStream:74 - [STDERR_REDIRECT] 	at java.io.FileOutputStream.open0(Native Method)
2019-10-24 22:03:01,896 [ERROR] LogOutputStream:74 - [STDERR_REDIRECT] 	at java.io.FileOutputStream.open(FileOutputStream.java:270)
2019-10-24 22:03:01,898 [ERROR] LogOutputStream:74 - [STDERR_REDIRECT] 	at java.io.FileOutputStream.<init>(FileOutputStream.java:213)
2019-10-24 22:03:01,901 [ERROR] LogOutputStream:74 - [STDERR_REDIRECT] 	at java.io.FileOutputStream.<init>(FileOutputStream.java:162)
2019-10-24 22:03:01,905 [ERROR] LogOutputStream:74 - [STDERR_REDIRECT] 	at com.st.microxplorer.plugins.updater.engine.ServerAccessManage.readHttpFile(ServerAccessManage.java:364)
2019-10-24 22:03:01,910 [ERROR] LogOutputStream:74 - [STDERR_REDIRECT] 	at com.st.microxplorer.plugins.updater.engine.LoadServerUpdatesThread.downloadUpdaterFile(LoadServerUpdatesThread.java:517)
2019-10-24 22:03:01,914 [ERROR] LogOutputStream:74 - [STDERR_REDIRECT] 	at com.st.microxplorer.plugins.updater.engine.LoadServerUpdatesThread.performDescriptionUpdate(LoadServerUpdatesThread.java:307)
2019-10-24 22:03:01,915 [ERROR] LogOutputStream:74 - [STDERR_REDIRECT] 	at com.st.microxplorer.plugins.updater.engine.LoadServerUpdatesThread.performFullUpdate(LoadServerUpdatesThread.java:330)
2019-10-24 22:03:01,921 [ERROR] LogOutputStream:74 - [STDERR_REDIRECT] 	at com.st.microxplorer.plugins.updater.engine.LoadServerUpdatesThread.run(LoadServerUpdatesThread.java:238)
2019-10-24 22:03:01,923 [ERROR] ServerAccessManage:517 - Problem during Download of File : updaters.zip.
2019-10-24 22:03:02,129 [INFO] ServerAccessManage:348 - Download File updaters.zip
2019-10-24 22:03:02,130 [ERROR] ServerAccessManage:412 - IOException during http download : C:\Users\–ѓ—А—З–Є–Ї\.stm32cubemx\plugins\updater\temp\updaters.zip.tmp (—истеме не удаетс€ найти указанный путь)
2019-10-24 22:03:02,135 [ERROR] LogOutputStream:74 - [STDERR_REDIRECT] java.io.FileNotFoundException: C:\Users\ярчик\.stm32cubemx\plugins\updater\temp\updaters.zip.tmp (??????? ?? ??????? ????? ????????? ????)
2019-10-24 22:03:02,138 [ERROR] LogOutputStream:74 - [STDERR_REDIRECT] 	at java.io.FileOutputStream.open0(Native Method)
2019-10-24 22:03:02,140 [ERROR] LogOutputStream:74 - [STDERR_REDIRECT] 	at java.io.FileOutputStream.open(FileOutputStream.java:270)
2019-10-24 22:03:02,143 [ERROR] LogOutputStream:74 - [STDERR_REDIRECT] 	at java.io.FileOutputStream.<init>(FileOutputStream.java:213)
2019-10-24 22:03:02,145 [ERROR] LogOutputStream:74 - [STDERR_REDIRECT] 	at java.io.FileOutputStream.<init>(FileOutputStream.java:162)
2019-10-24 22:03:02,149 [ERROR] LogOutputStream:74 - [STDERR_REDIRECT] 	at com.st.microxplorer.plugins.updater.engine.ServerAccessManage.readHttpFile(ServerAccessManage.java:364)
2019-10-24 22:03:02,153 [ERROR] LogOutputStream:74 - [STDERR_REDIRECT] 	at com.st.microxplorer.plugins.updater.engine.LoadServerUpdatesThread.downloadUpdaterFile(LoadServerUpdatesThread.java:517)
2019-10-24 22:03:02,159 [ERROR] LogOutputStream:74 - [STDERR_REDIRECT] 	at com.st.microxplorer.plugins.updater.engine.LoadServerUpdatesThread.performDescriptionUpdate(LoadServerUpdatesThread.java:310)
2019-10-24 22:03:02,162 [ERROR] LogOutputStream:74 - [STDERR_REDIRECT] 	at com.st.microxplorer.plugins.updater.engine.LoadServerUpdatesThread.performFullUpdate(LoadServerUpdatesThread.java:330)
2019-10-24 22:03:02,164 [ERROR] LogOutputStream:74 - [STDERR_REDIRECT] 	at com.st.microxplorer.plugins.updater.engine.LoadServerUpdatesThread.run(LoadServerUpdatesThread.java:238)
2019-10-24 22:03:02,165 [ERROR] ServerAccessManage:517 - Problem during Download of File : updaters.zip.
2019-10-24 22:03:02,170 [INFO] LoadServerUpdatesThread:287 - End of LoadServerUpdate Thread
2019-10-24 22:03:02,226 [INFO] CheckServerUpdateThread:92 - End of CheckServer Thread
2019-10-24 22:03:02,245 [INFO] MainUpdater:2232 - connection check result : 22
2019-10-24 22:03:02,246 [INFO] LogOutputStream:76 - [STDOUT_REDIRECT] proxy connection test failed
2019-10-24 22:03:17,296 [INFO] McuFinderGlobals:40 - Set McuFinder mode to 2 (CubeIDE integrated)
2019-10-24 22:03:17,312 [INFO] FinderPluginLoader:86 - Searching for filters in installed packs
2019-10-24 22:03:17,314 [INFO] DbMcusXml:106 - Load MCU database from C:\ST\STM32CubeIDE_1.0.2\STM32CubeIDE\plugins\com.st.stm32cube.common.mx_5.4.0.201910091541\\db\/mcu/families.xml
2019-10-24 22:03:18,401 [INFO] DbMcusJson:87 - JSON generation date=Mon Sep 23 12:35:45 EEST 2019 (1569231345)
2019-10-24 22:03:19,799 [INFO] DbMcus:193 - Found 1544 MCUs (1504 are supported by CubeMX, 1504 are visible in CubeMX)
2019-10-24 22:03:19,800 [INFO] ApiDb:147 - User favorites file not found: C:\Users\ярчик/.stm32cubeide/favorites.mcus.txt
2019-10-24 22:03:19,800 [INFO] DbMcus:204 - Set 0 / 0 favorites MCUs
2019-10-24 22:03:21,502 [INFO] McuFilterPanel:282 - Update 0 favorites MCUs
2019-10-24 22:03:21,673 [INFO] DbBoardsPdsc:92 - Found 19 items
2019-10-24 22:03:21,676 [INFO] DbBoardsPdsc:92 - Found 9 items
2019-10-24 22:03:21,680 [INFO] DbBoardsPdsc:92 - Found 27 items
2019-10-24 22:03:21,683 [INFO] DbBoardsPdsc:92 - Found 1 items
2019-10-24 22:03:21,693 [INFO] DbBoardsPdsc:92 - Found 38 items
2019-10-24 22:03:21,706 [INFO] DbBoardsPdsc:92 - Found 38 items
2019-10-24 22:03:21,709 [INFO] DbBoardsPdsc:92 - Found 1 items
2019-10-24 22:03:21,763 [INFO] DbBoardsJson:79 - JSON generation date=Fri Sep 27 14:37:26 EEST 2019 (1569584246)
2019-10-24 22:03:21,771 [INFO] DbBoards:120 - Found 133 boards (132 are supported by CubeMX)
2019-10-24 22:03:21,786 [INFO] DbBoardsDocs:118 - JSON generation date=Mon Sep 23 12:35:45 EEST 2019 (1569231345)
2019-10-24 22:03:21,808 [INFO] DbBoardsDocs:57 - Found 160 boards documents
2019-10-24 22:03:21,809 [WARN] DbBoards:130 - board NUCLEO-H743ZI2 has no document id list !
2019-10-24 22:03:21,811 [WARN] DbBoards:130 - board P-NUCLEO-WB55-Nucleo has no document id list !
2019-10-24 22:03:21,812 [WARN] DbBoards:130 - board P-NUCLEO-WB55-USBDongle has no document id list !
2019-10-24 22:03:21,812 [WARN] DbBoards:130 - board P-NUCLEO-WB55 has no document id list !
2019-10-24 22:03:21,813 [WARN] DbBoards:130 - board STM32F401C-DISCO has no document id list !
2019-10-24 22:03:21,814 [WARN] DbBoards:130 - board STM32F769I-DISC1 has no document id list !
2019-10-24 22:03:21,816 [WARN] DbBoards:130 - board STM32L-DISCOVERY has no document id list !
2019-10-24 22:03:21,817 [WARN] DbBoards:130 - board STM32H747I-DISC1 has no document id list !
2019-10-24 22:03:21,818 [WARN] DbBoards:130 - board STM32MP157A-DK1 has no document id list !
2019-10-24 22:03:21,818 [WARN] DbBoards:130 - board STM32L562E-DK has no document id list !
2019-10-24 22:03:21,819 [WARN] DbBoards:130 - board STM32100E-EVAL has no document id list !
2019-10-24 22:03:21,819 [WARN] DbBoards:130 - board STM32303C-EVAL has no document id list !
2019-10-24 22:03:21,820 [WARN] DbBoards:130 - board STM32L152D-EVAL has no document id list !
2019-10-24 22:03:21,820 [WARN] DbBoards:130 - board STM32H743I-EVAL2 has no document id list !
2019-10-24 22:03:21,820 [WARN] DbBoards:130 - board STM32H753I-EVAL2 has no document id list !
2019-10-24 22:03:21,821 [WARN] DbBoards:130 - board STM32G474E-EVAL1 has no document id list !
2019-10-24 22:03:21,822 [WARN] DbBoards:130 - board STM32L552E-EV has no document id list !
2019-10-24 22:03:21,822 [WARN] DbBoards:130 - board STEVAL-MKSBOX1V1 has no document id list !
2019-10-24 22:03:22,639 [ERROR] DbBoards:192 - Image file not found for board STM32G0316-DISCO: C:\ST\STM32CubeIDE_1.0.2\STM32CubeIDE\plugins\com.st.stm32cube.common.mx_5.4.0.201910091541\\db\/plugins/mcufinder/images/boards/stm32g0316discovery_small.jpg
2019-10-24 22:03:23,136 [INFO] ApiDb:147 - User favorites file not found: C:\Users\ярчик/.stm32cubeide/favorites.boards.txt
2019-10-24 22:03:23,136 [INFO] DbBoards:209 - Set 0 / 0 favorites Boards
2019-10-24 22:03:23,277 [INFO] BoardFilterPanel:211 - Update 0 favorites Boards
2019-10-24 22:03:23,404 [INFO] CrossSelectorPresenter:1319 - Cross Selector saved comparison directory: C:\Users\ярчик\.stmcufinder\plugins\mcufinder\mcu\cs_comparisons_mx
2019-10-25 23:38:28,348 [INFO] Activator:176 - 


2019-10-25 23:38:28,350 [INFO] Activator:177 - !SESSION log4j initialized
2019-10-25 23:38:41,535 [INFO] ApplicationProperties:181 - Using Application install path: C:\ST\STM32CubeIDE_1.0.2\STM32CubeIDE\plugins\com.st.stm32cube.common.mx_5.4.0.201910091541
2019-10-25 23:38:41,549 [INFO] DbMcusXml:68 - Set database path to: C:\ST\STM32CubeIDE_1.0.2\STM32CubeIDE\plugins\com.st.stm32cube.common.mx_5.4.0.201910091541\\db\/mcu/
2019-10-25 23:38:41,553 [INFO] DbBoardsPdsc:54 - Set plugin database path to: C:\ST\STM32CubeIDE_1.0.2\STM32CubeIDE\plugins\com.st.stm32cube.common.mx_5.4.0.201910091541\\db\/plugins/boardmanager/
2019-10-25 23:38:41,553 [INFO] DbMcus:265 - Set plugin images path to: C:\ST\STM32CubeIDE_1.0.2\STM32CubeIDE\plugins\com.st.stm32cube.common.mx_5.4.0.201910091541\\db\/plugins/mcufinder/images/
2019-10-25 23:38:41,554 [INFO] DbBoards:232 - Set plugin images path to: C:\ST\STM32CubeIDE_1.0.2\STM32CubeIDE\plugins\com.st.stm32cube.common.mx_5.4.0.201910091541\\db\/plugins/mcufinder/images/
2019-10-25 23:38:41,555 [INFO] APIGFXSelector:72 - Set database path to: C:\ST\STM32CubeIDE_1.0.2\STM32CubeIDE\plugins\com.st.stm32cube.common.mx_5.4.0.201910091541\\db\/plugins/mcufinder/mcu/
2019-10-25 23:38:41,562 [INFO] DbMcusAds:72 - Set database path to: C:\Users\ярчик\.stmcufinder\plugins\mcufinder//mcu/
2019-10-25 23:38:41,563 [INFO] DbMcusDocs:92 - Set database path to: C:\Users\ярчик\.stmcufinder\plugins\mcufinder//mcu/
2019-10-25 23:38:41,565 [INFO] DbMcusJson:59 - Set database path to: C:\Users\ярчик\.stmcufinder\plugins\mcufinder//mcu/
2019-10-25 23:38:41,566 [INFO] DbBoardsDocs:84 - Set database path to: C:\Users\ярчик\.stmcufinder\plugins\mcufinder//mcu/
2019-10-25 23:38:41,567 [INFO] DbBoardsJson:51 - Set database path to: C:\Users\ярчик\.stmcufinder\plugins\mcufinder//mcu/
2019-10-25 23:38:41,628 [INFO] CrossReferenceDbSqlite:197 - Set database path to: C:\Users\ярчик\.stmcufinder\plugins\mcufinder//mcu/cs/
2019-10-25 23:38:41,747 [INFO] RulesReader:52 - Compatibility file has been processed (179 Rules)
2019-10-25 23:38:41,828 [INFO] MicroXplorer:570 - Detected Java Version = 1.8.0_202
2019-10-25 23:38:41,828 [INFO] DbMcusXml:68 - Set database path to: C:\ST\STM32CubeIDE_1.0.2\STM32CubeIDE\plugins\com.st.stm32cube.common.mx_5.4.0.201910091541\\db\/mcu/
2019-10-25 23:38:41,829 [INFO] DbBoardsPdsc:54 - Set plugin database path to: C:\ST\STM32CubeIDE_1.0.2\STM32CubeIDE\plugins\com.st.stm32cube.common.mx_5.4.0.201910091541\\db\/plugins/boardmanager/
2019-10-25 23:38:41,830 [INFO] DbMcus:265 - Set plugin images path to: C:\ST\STM32CubeIDE_1.0.2\STM32CubeIDE\plugins\com.st.stm32cube.common.mx_5.4.0.201910091541\\db\/plugins/mcufinder/images/
2019-10-25 23:38:41,830 [INFO] DbBoards:232 - Set plugin images path to: C:\ST\STM32CubeIDE_1.0.2\STM32CubeIDE\plugins\com.st.stm32cube.common.mx_5.4.0.201910091541\\db\/plugins/mcufinder/images/
2019-10-25 23:38:41,830 [INFO] APIGFXSelector:72 - Set database path to: C:\ST\STM32CubeIDE_1.0.2\STM32CubeIDE\plugins\com.st.stm32cube.common.mx_5.4.0.201910091541\\db\/plugins/mcufinder/mcu/
2019-10-25 23:38:41,830 [WARN] DbFile:31 - Overriding database path with different value: C:\Users\ярчик\.stmcufinder\plugins\mcufinder/ => C:\Users\ярчик\.stmcufinder\plugins\mcufinder
2019-10-25 23:38:41,830 [INFO] DbMcusAds:72 - Set database path to: C:\Users\ярчик\.stmcufinder\plugins\mcufinder//mcu/
2019-10-25 23:38:41,831 [WARN] DbFile:31 - Overriding database path with different value: C:\Users\ярчик\.stmcufinder\plugins\mcufinder/ => C:\Users\ярчик\.stmcufinder\plugins\mcufinder
2019-10-25 23:38:41,831 [INFO] DbMcusDocs:92 - Set database path to: C:\Users\ярчик\.stmcufinder\plugins\mcufinder//mcu/
2019-10-25 23:38:41,831 [WARN] DbFile:31 - Overriding database path with different value: C:\Users\ярчик\.stmcufinder\plugins\mcufinder/ => C:\Users\ярчик\.stmcufinder\plugins\mcufinder
2019-10-25 23:38:41,831 [INFO] DbMcusJson:59 - Set database path to: C:\Users\ярчик\.stmcufinder\plugins\mcufinder//mcu/
2019-10-25 23:38:41,831 [WARN] DbFile:31 - Overriding database path with different value: C:\Users\ярчик\.stmcufinder\plugins\mcufinder/ => C:\Users\ярчик\.stmcufinder\plugins\mcufinder
2019-10-25 23:38:41,831 [INFO] DbBoardsDocs:84 - Set database path to: C:\Users\ярчик\.stmcufinder\plugins\mcufinder//mcu/
2019-10-25 23:38:41,831 [WARN] DbFile:31 - Overriding database path with different value: C:\Users\ярчик\.stmcufinder\plugins\mcufinder/ => C:\Users\ярчик\.stmcufinder\plugins\mcufinder
2019-10-25 23:38:41,832 [INFO] DbBoardsJson:51 - Set database path to: C:\Users\ярчик\.stmcufinder\plugins\mcufinder//mcu/
2019-10-25 23:38:41,832 [WARN] DbFile:31 - Overriding database path with different value: C:\Users\ярчик\.stmcufinder\plugins\mcufinder/ => C:\Users\ярчик\.stmcufinder\plugins\mcufinder
2019-10-25 23:38:41,832 [WARN] DbFile:31 - Overriding database path with different value: C:\Users\ярчик\.stmcufinder\plugins\mcufinder/ => C:\Users\ярчик\.stmcufinder\plugins\mcufinder
2019-10-25 23:38:41,832 [INFO] CrossReferenceDbSqlite:197 - Set database path to: C:\Users\ярчик\.stmcufinder\plugins\mcufinder//mcu/cs/
2019-10-25 23:38:41,895 [INFO] MainPanel:185 - HeapMemory: 332398592
2019-10-25 23:38:41,949 [INFO] DbMcusXml:68 - Set database path to: C:\ST\STM32CubeIDE_1.0.2\STM32CubeIDE\plugins\com.st.stm32cube.common.mx_5.4.0.201910091541\\db\/mcu/
2019-10-25 23:38:41,949 [INFO] DbBoardsPdsc:54 - Set plugin database path to: C:\ST\STM32CubeIDE_1.0.2\STM32CubeIDE\plugins\com.st.stm32cube.common.mx_5.4.0.201910091541\\db\/plugins/boardmanager/
2019-10-25 23:38:41,949 [INFO] DbMcus:265 - Set plugin images path to: C:\ST\STM32CubeIDE_1.0.2\STM32CubeIDE\plugins\com.st.stm32cube.common.mx_5.4.0.201910091541\\db\/plugins/mcufinder/images/
2019-10-25 23:38:41,949 [INFO] DbBoards:232 - Set plugin images path to: C:\ST\STM32CubeIDE_1.0.2\STM32CubeIDE\plugins\com.st.stm32cube.common.mx_5.4.0.201910091541\\db\/plugins/mcufinder/images/
2019-10-25 23:38:41,950 [INFO] APIGFXSelector:72 - Set database path to: C:\ST\STM32CubeIDE_1.0.2\STM32CubeIDE\plugins\com.st.stm32cube.common.mx_5.4.0.201910091541\\db\/plugins/mcufinder/mcu/
2019-10-25 23:38:41,950 [WARN] DbFile:31 - Overriding database path with different value: C:\Users\ярчик\.stmcufinder\plugins\mcufinder/ => C:\Users\ярчик\.stmcufinder\plugins\mcufinder
2019-10-25 23:38:41,950 [INFO] DbMcusAds:72 - Set database path to: C:\Users\ярчик\.stmcufinder\plugins\mcufinder//mcu/
2019-10-25 23:38:41,950 [WARN] DbFile:31 - Overriding database path with different value: C:\Users\ярчик\.stmcufinder\plugins\mcufinder/ => C:\Users\ярчик\.stmcufinder\plugins\mcufinder
2019-10-25 23:38:41,951 [INFO] DbMcusDocs:92 - Set database path to: C:\Users\ярчик\.stmcufinder\plugins\mcufinder//mcu/
2019-10-25 23:38:41,951 [WARN] DbFile:31 - Overriding database path with different value: C:\Users\ярчик\.stmcufinder\plugins\mcufinder/ => C:\Users\ярчик\.stmcufinder\plugins\mcufinder
2019-10-25 23:38:41,951 [INFO] DbMcusJson:59 - Set database path to: C:\Users\ярчик\.stmcufinder\plugins\mcufinder//mcu/
2019-10-25 23:38:41,951 [WARN] DbFile:31 - Overriding database path with different value: C:\Users\ярчик\.stmcufinder\plugins\mcufinder/ => C:\Users\ярчик\.stmcufinder\plugins\mcufinder
2019-10-25 23:38:41,951 [INFO] DbBoardsDocs:84 - Set database path to: C:\Users\ярчик\.stmcufinder\plugins\mcufinder//mcu/
2019-10-25 23:38:41,951 [WARN] DbFile:31 - Overriding database path with different value: C:\Users\ярчик\.stmcufinder\plugins\mcufinder/ => C:\Users\ярчик\.stmcufinder\plugins\mcufinder
2019-10-25 23:38:41,951 [INFO] DbBoardsJson:51 - Set database path to: C:\Users\ярчик\.stmcufinder\plugins\mcufinder//mcu/
2019-10-25 23:38:41,951 [WARN] DbFile:31 - Overriding database path with different value: C:\Users\ярчик\.stmcufinder\plugins\mcufinder/ => C:\Users\ярчик\.stmcufinder\plugins\mcufinder
2019-10-25 23:38:41,952 [WARN] DbFile:31 - Overriding database path with different value: C:\Users\ярчик\.stmcufinder\plugins\mcufinder/ => C:\Users\ярчик\.stmcufinder\plugins\mcufinder
2019-10-25 23:38:41,952 [INFO] CrossReferenceDbSqlite:197 - Set database path to: C:\Users\ярчик\.stmcufinder\plugins\mcufinder//mcu/cs/
2019-10-25 23:38:41,967 [INFO] ApplicationProperties:181 - Using Application install path: C:\ST\STM32CubeIDE_1.0.2\STM32CubeIDE\plugins\com.st.stm32cube.common.mx_5.4.0.201910091541
2019-10-25 23:38:41,969 [INFO] PluginManage:178 - Search for loadable plugins [exclusion list=]
2019-10-25 23:38:41,970 [INFO] PluginManage:292 - Check plugin analytics
2019-10-25 23:38:41,976 [INFO] PluginManage:342 - Loaded plugin analytics (category:tool,tabindex:-1)
2019-10-25 23:38:41,976 [INFO] PluginManage:292 - Check plugin clock
2019-10-25 23:38:41,985 [INFO] PluginManage:342 - Loaded plugin clock (category:base,tabindex:2)
2019-10-25 23:38:41,985 [INFO] PluginManage:292 - Check plugin ddr
2019-10-25 23:38:41,987 [INFO] PluginManage:342 - Loaded plugin ddr (category:tool,tabindex:6)
2019-10-25 23:38:41,987 [INFO] PluginManage:292 - Check plugin filemanager
2019-10-25 23:38:42,091 [INFO] PluginManage:342 - Loaded plugin filemanager (category:base,tabindex:10)
2019-10-25 23:38:42,092 [INFO] PluginManage:292 - Check plugin ipmanager
2019-10-25 23:38:42,099 [INFO] PluginManage:342 - Loaded plugin ipmanager (category:base,tabindex:5)
2019-10-25 23:38:42,099 [INFO] PluginManage:292 - Check plugin pinoutandconfiguration
2019-10-25 23:38:42,107 [INFO] PluginManage:342 - Loaded plugin pinoutandconfiguration (category:base,tabindex:1)
2019-10-25 23:38:42,108 [INFO] PluginManage:292 - Check plugin pinoutconfig
2019-10-25 23:38:42,127 [INFO] PluginManage:342 - Loaded plugin pinoutconfig (category:base,tabindex:0)
2019-10-25 23:38:42,128 [INFO] PluginManage:292 - Check plugin power
2019-10-25 23:38:42,135 [INFO] PluginManage:342 - Loaded plugin power (category:power,tabindex:4)
2019-10-25 23:38:42,135 [INFO] PluginManage:292 - Check plugin projectmanager
2019-10-25 23:38:42,148 [INFO] PluginManage:342 - Loaded plugin projectmanager (category:projectmanager,tabindex:3)
2019-10-25 23:38:42,148 [INFO] PluginManage:292 - Check plugin thirdparty
2019-10-25 23:38:42,163 [ERROR] XmlFileManage:127 - Cannot load XML file C:/Users/ярчик/.stm32cubemx/plugins/thirdparty/db/thirdparties_db.xml: unknown protocol: c
2019-10-25 23:38:42,164 [INFO] ThirdPartyDb:294 - Open Third Party DataBase File (C:/Users/ярчик/.stm32cubemx/plugins/thirdparty/db/thirdparties_db.xml) : 0 ms. number of Sw pack : 0
2019-10-25 23:38:42,178 [INFO] PluginManage:342 - Loaded plugin thirdparty (category:base,tabindex:-1)
2019-10-25 23:38:42,178 [INFO] PluginManage:292 - Check plugin tools
2019-10-25 23:38:42,182 [INFO] PluginManage:342 - Loaded plugin tools (category:base,tabindex:7)
2019-10-25 23:38:42,182 [INFO] PluginManage:292 - Check plugin updater
2019-10-25 23:38:42,197 [INFO] PluginManage:342 - Loaded plugin updater (category:base,tabindex:12)
2019-10-25 23:38:42,198 [INFO] PluginManage:265 - PluginManage : Loaded plugins [12]
2019-10-25 23:38:42,346 [INFO] PinOutPanel:1367 - setPackage(No Configuration,No Configuration)
2019-10-25 23:38:42,425 [INFO] IPUIPlugin:63 - create IPUIPlugin
2019-10-25 23:38:42,425 [INFO] PluginManager:200 - loadIPPluginJar : add adc
2019-10-25 23:38:42,430 [INFO] IPUIPlugin:63 - create IPUIPlugin
2019-10-25 23:38:42,431 [INFO] PluginManager:200 - loadIPPluginJar : add aes
2019-10-25 23:38:42,436 [INFO] IPUIPlugin:63 - create IPUIPlugin
2019-10-25 23:38:42,437 [INFO] PluginManager:200 - loadIPPluginJar : add can
2019-10-25 23:38:42,439 [INFO] IPUIPlugin:63 - create IPUIPlugin
2019-10-25 23:38:42,439 [INFO] PluginManager:200 - loadIPPluginJar : add comp
2019-10-25 23:38:42,443 [INFO] IPUIPlugin:63 - create IPUIPlugin
2019-10-25 23:38:42,443 [INFO] PluginManager:200 - loadIPPluginJar : add cryp
2019-10-25 23:38:42,447 [INFO] IPUIPlugin:63 - create IPUIPlugin
2019-10-25 23:38:42,447 [INFO] PluginManager:200 - loadIPPluginJar : add dfsdm
2019-10-25 23:38:42,453 [INFO] IPUIPlugin:63 - create IPUIPlugin
2019-10-25 23:38:42,454 [INFO] PluginManager:200 - loadIPPluginJar : add dma
2019-10-25 23:38:42,457 [INFO] IPUIPlugin:63 - create IPUIPlugin
2019-10-25 23:38:42,457 [INFO] PluginManager:200 - loadIPPluginJar : add fatfs
2019-10-25 23:38:42,462 [INFO] IPUIPlugin:63 - create IPUIPlugin
2019-10-25 23:38:42,462 [INFO] PluginManager:200 - loadIPPluginJar : add fmc
2019-10-25 23:38:42,468 [INFO] IPUIPlugin:63 - create IPUIPlugin
2019-10-25 23:38:42,469 [INFO] PluginManager:200 - loadIPPluginJar : add freertos
2019-10-25 23:38:42,471 [INFO] IPUIPlugin:63 - create IPUIPlugin
2019-10-25 23:38:42,471 [INFO] PluginManager:200 - loadIPPluginJar : add genericplugin
2019-10-25 23:38:42,474 [INFO] IPUIPlugin:63 - create IPUIPlugin
2019-10-25 23:38:42,475 [INFO] PluginManager:200 - loadIPPluginJar : add gfxmmu
2019-10-25 23:38:42,479 [INFO] IPUIPlugin:63 - create IPUIPlugin
2019-10-25 23:38:42,480 [INFO] PluginManager:200 - loadIPPluginJar : add gfxsimulator
2019-10-25 23:38:42,485 [INFO] IPUIPlugin:63 - create IPUIPlugin
2019-10-25 23:38:42,486 [INFO] PluginManager:200 - loadIPPluginJar : add gic
2019-10-25 23:38:42,489 [INFO] IPUIPlugin:63 - create IPUIPlugin
2019-10-25 23:38:42,490 [INFO] PluginManager:200 - loadIPPluginJar : add gpio
2019-10-25 23:38:42,493 [INFO] IPUIPlugin:63 - create IPUIPlugin
2019-10-25 23:38:42,493 [INFO] PluginManager:200 - loadIPPluginJar : add gtzc
2019-10-25 23:38:42,496 [INFO] IPUIPlugin:63 - create IPUIPlugin
2019-10-25 23:38:42,496 [INFO] PluginManager:200 - loadIPPluginJar : add hash
2019-10-25 23:38:42,499 [INFO] IPUIPlugin:63 - create IPUIPlugin
2019-10-25 23:38:42,500 [INFO] PluginManager:200 - loadIPPluginJar : add i2c
2019-10-25 23:38:42,503 [INFO] IPUIPlugin:63 - create IPUIPlugin
2019-10-25 23:38:42,503 [INFO] PluginManager:200 - loadIPPluginJar : add i2s
2019-10-25 23:38:42,506 [INFO] IPUIPlugin:63 - create IPUIPlugin
2019-10-25 23:38:42,506 [INFO] PluginManager:200 - loadIPPluginJar : add ipddr
2019-10-25 23:38:42,509 [INFO] IPUIPlugin:63 - create IPUIPlugin
2019-10-25 23:38:42,510 [INFO] PluginManager:200 - loadIPPluginJar : add ltdc
2019-10-25 23:38:42,513 [INFO] IPUIPlugin:63 - create IPUIPlugin
2019-10-25 23:38:42,514 [INFO] PluginManager:200 - loadIPPluginJar : add mdma
2019-10-25 23:38:42,517 [INFO] IPUIPlugin:63 - create IPUIPlugin
2019-10-25 23:38:42,518 [INFO] PluginManager:200 - loadIPPluginJar : add nvic
2019-10-25 23:38:42,521 [INFO] IPUIPlugin:63 - create IPUIPlugin
2019-10-25 23:38:42,522 [INFO] PluginManager:200 - loadIPPluginJar : add opamp
2019-10-25 23:38:42,526 [INFO] IPUIPlugin:63 - create IPUIPlugin
2019-10-25 23:38:42,527 [INFO] PluginManager:200 - loadIPPluginJar : add pdm2pcm
2019-10-25 23:38:42,533 [INFO] IPUIPlugin:63 - create IPUIPlugin
2019-10-25 23:38:42,536 [INFO] PluginManager:200 - loadIPPluginJar : add plateformsettings
2019-10-25 23:38:42,538 [INFO] IPUIPlugin:63 - create IPUIPlugin
2019-10-25 23:38:42,538 [INFO] PluginManager:200 - loadIPPluginJar : add quadspi
2019-10-25 23:38:42,543 [INFO] IPUIPlugin:63 - create IPUIPlugin
2019-10-25 23:38:42,543 [INFO] PluginManager:200 - loadIPPluginJar : add resmgrutility
2019-10-25 23:38:42,546 [INFO] IPUIPlugin:63 - create IPUIPlugin
2019-10-25 23:38:42,547 [INFO] PluginManager:200 - loadIPPluginJar : add sai
2019-10-25 23:38:42,550 [INFO] IPUIPlugin:63 - create IPUIPlugin
2019-10-25 23:38:42,550 [INFO] PluginManager:200 - loadIPPluginJar : add spi
2019-10-25 23:38:42,553 [INFO] IPUIPlugin:63 - create IPUIPlugin
2019-10-25 23:38:42,553 [INFO] PluginManager:200 - loadIPPluginJar : add stm32_wpan
2019-10-25 23:38:42,555 [INFO] IPUIPlugin:63 - create IPUIPlugin
2019-10-25 23:38:42,555 [INFO] PluginManager:200 - loadIPPluginJar : add tim
2019-10-25 23:38:42,558 [INFO] IPUIPlugin:63 - create IPUIPlugin
2019-10-25 23:38:42,559 [INFO] PluginManager:200 - loadIPPluginJar : add touchsensing
2019-10-25 23:38:42,561 [INFO] IPUIPlugin:63 - create IPUIPlugin
2019-10-25 23:38:42,561 [INFO] PluginManager:200 - loadIPPluginJar : add tracer_emb
2019-10-25 23:38:42,563 [INFO] IPUIPlugin:63 - create IPUIPlugin
2019-10-25 23:38:42,564 [INFO] PluginManager:200 - loadIPPluginJar : add ts
2019-10-25 23:38:42,566 [INFO] IPUIPlugin:63 - create IPUIPlugin
2019-10-25 23:38:42,566 [INFO] PluginManager:200 - loadIPPluginJar : add tsc
2019-10-25 23:38:42,568 [INFO] IPUIPlugin:63 - create IPUIPlugin
2019-10-25 23:38:42,568 [INFO] PluginManager:200 - loadIPPluginJar : add ucpd
2019-10-25 23:38:42,571 [INFO] IPUIPlugin:63 - create IPUIPlugin
2019-10-25 23:38:42,571 [INFO] PluginManager:200 - loadIPPluginJar : add usart
2019-10-25 23:38:43,162 [INFO] BoardConnectionPanel:220 - [DDR PANEL] osNameString: Windows
2019-10-25 23:38:43,269 [INFO] BoardConnectionPanel:3149 - [DDR PANEL] STM32CubeIDE environment
2019-10-25 23:38:43,270 [INFO] MainDdrPanel:100 - [DDR PANEL] GETTER - cubeProgrammerPath is: null
2019-10-25 23:38:43,429 [FATAL] Updater:277 - Updater called before beeing initialized
2019-10-25 23:38:43,599 [FATAL] Updater:277 - Updater called before beeing initialized
2019-10-25 23:38:43,689 [INFO] PinOutPanel:1367 - setPackage(No Configuration,No Configuration)
2019-10-25 23:38:43,689 [FATAL] Updater:277 - Updater called before beeing initialized
2019-10-25 23:38:43,694 [INFO] BoardConnectionPanel:3149 - [DDR PANEL] STM32CubeIDE environment
2019-10-25 23:38:43,694 [INFO] MainDdrPanel:100 - [DDR PANEL] GETTER - cubeProgrammerPath is: C:\ST\STM32CubeIDE_1.0.2\STM32CubeIDE\plugins\com.st.stm32cube.ide.mcu.externaltools.cubeprogrammer.win32_1.1.0.201910081157\tools\bin
2019-10-25 23:38:43,728 [INFO] ProgrammerExecThread:148 - [ProgrammerAPI] CubeProgrammer command construction: C:\ST\STM32CubeIDE_1.0.2\STM32CubeIDE\plugins\com.st.stm32cube.ide.mcu.externaltools.cubeprogrammer.win32_1.1.0.201910081157\tools\bin\STM32_Programmer_CLI.exe -l
2019-10-25 23:38:43,829 [INFO] MainDdrPanel:90 - [DDR PANEL] SETTER - Set cubeProgrammerPath to: C:\ST\STM32CubeIDE_1.0.2\STM32CubeIDE\plugins\com.st.stm32cube.ide.mcu.externaltools.cubeprogrammer.win32_1.1.0.201910081157\tools\bin
2019-10-25 23:38:43,835 [INFO] Updater:886 - Updater Version found : 5.4.0
2019-10-25 23:38:43,850 [INFO] ApplicationProperties:181 - Using Application install path: C:\ST\STM32CubeIDE_1.0.2\STM32CubeIDE\plugins\com.st.stm32cube.common.mx_5.4.0.201910091541
2019-10-25 23:38:44,133 [INFO] MainUpdater:2232 - connection check result : 10
2019-10-25 23:38:44,133 [INFO] MainUpdater:2859 - Updater definition file requires update
2019-10-25 23:38:44,135 [INFO] MainUpdater:236 - Updater Check For Update Now.
2019-10-25 23:38:44,135 [INFO] MicroXplorer:420 - Change Database Version : DB.5.0.40
2019-10-25 23:38:44,284 [INFO] ServerAccessManage:348 - Download File updaters.zip
2019-10-25 23:38:44,284 [ERROR] ServerAccessManage:412 - IOException during http download : C:\Users\–ѓ—А—З–Є–Ї\.stm32cubemx\plugins\updater\temp\updaters.zip.tmp (—истеме не удаетс€ найти указанный путь)
2019-10-25 23:38:44,286 [ERROR] LogOutputStream:74 - [STDERR_REDIRECT] java.io.FileNotFoundException: C:\Users\ярчик\.stm32cubemx\plugins\updater\temp\updaters.zip.tmp (??????? ?? ??????? ????? ????????? ????)
2019-10-25 23:38:44,288 [ERROR] LogOutputStream:74 - [STDERR_REDIRECT] 	at java.io.FileOutputStream.open0(Native Method)
2019-10-25 23:38:44,289 [ERROR] LogOutputStream:74 - [STDERR_REDIRECT] 	at java.io.FileOutputStream.open(FileOutputStream.java:270)
2019-10-25 23:38:44,291 [ERROR] LogOutputStream:74 - [STDERR_REDIRECT] 	at java.io.FileOutputStream.<init>(FileOutputStream.java:213)
2019-10-25 23:38:44,292 [ERROR] LogOutputStream:74 - [STDERR_REDIRECT] 	at java.io.FileOutputStream.<init>(FileOutputStream.java:162)
2019-10-25 23:38:44,294 [ERROR] LogOutputStream:74 - [STDERR_REDIRECT] 	at com.st.microxplorer.plugins.updater.engine.ServerAccessManage.readHttpFile(ServerAccessManage.java:364)
2019-10-25 23:38:44,296 [ERROR] LogOutputStream:74 - [STDERR_REDIRECT] 	at com.st.microxplorer.plugins.updater.engine.LoadServerUpdatesThread.downloadUpdaterFile(LoadServerUpdatesThread.java:517)
2019-10-25 23:38:44,298 [ERROR] LogOutputStream:74 - [STDERR_REDIRECT] 	at com.st.microxplorer.plugins.updater.engine.LoadServerUpdatesThread.performDescriptionUpdate(LoadServerUpdatesThread.java:307)
2019-10-25 23:38:44,300 [ERROR] LogOutputStream:74 - [STDERR_REDIRECT] 	at com.st.microxplorer.plugins.updater.engine.LoadServerUpdatesThread.performFullUpdate(LoadServerUpdatesThread.java:330)
2019-10-25 23:38:44,302 [ERROR] LogOutputStream:74 - [STDERR_REDIRECT] 	at com.st.microxplorer.plugins.updater.engine.LoadServerUpdatesThread.run(LoadServerUpdatesThread.java:238)
2019-10-25 23:38:44,303 [ERROR] ServerAccessManage:517 - Problem during Download of File : updaters.zip.
2019-10-25 23:38:44,644 [INFO] ServerAccessManage:348 - Download File updaters.zip
2019-10-25 23:38:44,645 [ERROR] ServerAccessManage:412 - IOException during http download : C:\Users\–ѓ—А—З–Є–Ї\.stm32cubemx\plugins\updater\temp\updaters.zip.tmp (—истеме не удаетс€ найти указанный путь)
2019-10-25 23:38:44,647 [ERROR] LogOutputStream:74 - [STDERR_REDIRECT] java.io.FileNotFoundException: C:\Users\ярчик\.stm32cubemx\plugins\updater\temp\updaters.zip.tmp (??????? ?? ??????? ????? ????????? ????)
2019-10-25 23:38:44,648 [ERROR] LogOutputStream:74 - [STDERR_REDIRECT] 	at java.io.FileOutputStream.open0(Native Method)
2019-10-25 23:38:44,649 [ERROR] LogOutputStream:74 - [STDERR_REDIRECT] 	at java.io.FileOutputStream.open(FileOutputStream.java:270)
2019-10-25 23:38:44,650 [ERROR] LogOutputStream:74 - [STDERR_REDIRECT] 	at java.io.FileOutputStream.<init>(FileOutputStream.java:213)
2019-10-25 23:38:44,651 [ERROR] LogOutputStream:74 - [STDERR_REDIRECT] 	at java.io.FileOutputStream.<init>(FileOutputStream.java:162)
2019-10-25 23:38:44,652 [ERROR] LogOutputStream:74 - [STDERR_REDIRECT] 	at com.st.microxplorer.plugins.updater.engine.ServerAccessManage.readHttpFile(ServerAccessManage.java:364)
2019-10-25 23:38:44,654 [ERROR] LogOutputStream:74 - [STDERR_REDIRECT] 	at com.st.microxplorer.plugins.updater.engine.LoadServerUpdatesThread.downloadUpdaterFile(LoadServerUpdatesThread.java:517)
2019-10-25 23:38:44,656 [ERROR] LogOutputStream:74 - [STDERR_REDIRECT] 	at com.st.microxplorer.plugins.updater.engine.LoadServerUpdatesThread.performDescriptionUpdate(LoadServerUpdatesThread.java:310)
2019-10-25 23:38:44,659 [ERROR] LogOutputStream:74 - [STDERR_REDIRECT] 	at com.st.microxplorer.plugins.updater.engine.LoadServerUpdatesThread.performFullUpdate(LoadServerUpdatesThread.java:330)
2019-10-25 23:38:44,660 [ERROR] LogOutputStream:74 - [STDERR_REDIRECT] 	at com.st.microxplorer.plugins.updater.engine.LoadServerUpdatesThread.run(LoadServerUpdatesThread.java:238)
2019-10-25 23:38:44,661 [ERROR] ServerAccessManage:517 - Problem during Download of File : updaters.zip.
2019-10-25 23:38:44,665 [INFO] LoadServerUpdatesThread:287 - End of LoadServerUpdate Thread
2019-10-25 23:38:44,697 [INFO] CheckServerUpdateThread:92 - End of CheckServer Thread
2019-10-25 23:38:44,745 [INFO] MainUpdater:2232 - connection check result : 22
2019-10-25 23:38:44,745 [INFO] LogOutputStream:76 - [STDOUT_REDIRECT] proxy connection test failed
2019-10-25 23:38:45,178 [INFO] IntegrityCheckThread:97 - End integrity checks thread
2019-10-25 23:38:45,179 [INFO] ThirdPartyDb:264 - Close Third Party DataBase File (C:/Users/ярчик/.stm32cubemx/plugins/thirdparty/db/thirdparties_db.xml)
2019-10-25 23:38:54,535 [INFO] McuFinderGlobals:40 - Set McuFinder mode to 2 (CubeIDE integrated)
2019-10-25 23:38:54,546 [INFO] FinderPluginLoader:86 - Searching for filters in installed packs
2019-10-25 23:38:54,547 [INFO] DbMcusXml:106 - Load MCU database from C:\ST\STM32CubeIDE_1.0.2\STM32CubeIDE\plugins\com.st.stm32cube.common.mx_5.4.0.201910091541\\db\/mcu/families.xml
2019-10-25 23:38:55,175 [INFO] DbMcusJson:87 - JSON generation date=Mon Sep 23 12:35:45 EEST 2019 (1569231345)
2019-10-25 23:38:56,053 [INFO] DbMcus:193 - Found 1544 MCUs (1504 are supported by CubeMX, 1504 are visible in CubeMX)
2019-10-25 23:38:56,053 [INFO] ApiDb:147 - User favorites file not found: C:\Users\ярчик/.stm32cubeide/favorites.mcus.txt
2019-10-25 23:38:56,053 [INFO] DbMcus:204 - Set 0 / 0 favorites MCUs
2019-10-25 23:38:57,276 [INFO] McuFilterPanel:282 - Update 0 favorites MCUs
2019-10-25 23:38:57,386 [INFO] DbBoardsPdsc:92 - Found 19 items
2019-10-25 23:38:57,389 [INFO] DbBoardsPdsc:92 - Found 9 items
2019-10-25 23:38:57,393 [INFO] DbBoardsPdsc:92 - Found 27 items
2019-10-25 23:38:57,396 [INFO] DbBoardsPdsc:92 - Found 1 items
2019-10-25 23:38:57,402 [INFO] DbBoardsPdsc:92 - Found 38 items
2019-10-25 23:38:57,411 [INFO] DbBoardsPdsc:92 - Found 38 items
2019-10-25 23:38:57,413 [INFO] DbBoardsPdsc:92 - Found 1 items
2019-10-25 23:38:57,455 [INFO] DbBoardsJson:79 - JSON generation date=Fri Sep 27 14:37:26 EEST 2019 (1569584246)
2019-10-25 23:38:57,460 [INFO] DbBoards:120 - Found 133 boards (132 are supported by CubeMX)
2019-10-25 23:38:57,470 [INFO] DbBoardsDocs:118 - JSON generation date=Mon Sep 23 12:35:45 EEST 2019 (1569231345)
2019-10-25 23:38:57,480 [INFO] DbBoardsDocs:57 - Found 160 boards documents
2019-10-25 23:38:57,482 [WARN] DbBoards:130 - board NUCLEO-H743ZI2 has no document id list !
2019-10-25 23:38:57,483 [WARN] DbBoards:130 - board P-NUCLEO-WB55-Nucleo has no document id list !
2019-10-25 23:38:57,483 [WARN] DbBoards:130 - board P-NUCLEO-WB55-USBDongle has no document id list !
2019-10-25 23:38:57,483 [WARN] DbBoards:130 - board P-NUCLEO-WB55 has no document id list !
2019-10-25 23:38:57,484 [WARN] DbBoards:130 - board STM32F401C-DISCO has no document id list !
2019-10-25 23:38:57,484 [WARN] DbBoards:130 - board STM32F769I-DISC1 has no document id list !
2019-10-25 23:38:57,484 [WARN] DbBoards:130 - board STM32L-DISCOVERY has no document id list !
2019-10-25 23:38:57,485 [WARN] DbBoards:130 - board STM32H747I-DISC1 has no document id list !
2019-10-25 23:38:57,485 [WARN] DbBoards:130 - board STM32MP157A-DK1 has no document id list !
2019-10-25 23:38:57,485 [WARN] DbBoards:130 - board STM32L562E-DK has no document id list !
2019-10-25 23:38:57,485 [WARN] DbBoards:130 - board STM32100E-EVAL has no document id list !
2019-10-25 23:38:57,485 [WARN] DbBoards:130 - board STM32303C-EVAL has no document id list !
2019-10-25 23:38:57,486 [WARN] DbBoards:130 - board STM32L152D-EVAL has no document id list !
2019-10-25 23:38:57,486 [WARN] DbBoards:130 - board STM32H743I-EVAL2 has no document id list !
2019-10-25 23:38:57,486 [WARN] DbBoards:130 - board STM32H753I-EVAL2 has no document id list !
2019-10-25 23:38:57,486 [WARN] DbBoards:130 - board STM32G474E-EVAL1 has no document id list !
2019-10-25 23:38:57,487 [WARN] DbBoards:130 - board STM32L552E-EV has no document id list !
2019-10-25 23:38:57,487 [WARN] DbBoards:130 - board STEVAL-MKSBOX1V1 has no document id list !
2019-10-25 23:38:58,056 [ERROR] DbBoards:192 - Image file not found for board STM32G0316-DISCO: C:\ST\STM32CubeIDE_1.0.2\STM32CubeIDE\plugins\com.st.stm32cube.common.mx_5.4.0.201910091541\\db\/plugins/mcufinder/images/boards/stm32g0316discovery_small.jpg
2019-10-25 23:38:58,417 [INFO] ApiDb:147 - User favorites file not found: C:\Users\ярчик/.stm32cubeide/favorites.boards.txt
2019-10-25 23:38:58,417 [INFO] DbBoards:209 - Set 0 / 0 favorites Boards
2019-10-25 23:38:58,501 [INFO] BoardFilterPanel:211 - Update 0 favorites Boards
2019-10-25 23:38:58,615 [INFO] CrossSelectorPresenter:1319 - Cross Selector saved comparison directory: C:\Users\ярчик\.stmcufinder\plugins\mcufinder\mcu\cs_comparisons_mx
2019-10-25 23:39:42,434 [INFO] LogOutputStream:76 - [STDOUT_REDIRECT] withoutVersionV1.24.1
2019-10-25 23:39:42,434 [INFO] LogOutputStream:76 - [STDOUT_REDIRECT] withoutVersionV1.24.0
2019-10-25 23:39:48,956 [INFO] LogOutputStream:76 - [STDOUT_REDIRECT] File copied successfully!!
2019-10-25 23:39:50,958 [INFO] MainUpdater:2232 - connection check result : 22
2019-10-25 23:39:50,959 [INFO] LogOutputStream:76 - [STDOUT_REDIRECT] proxy connection test failed
2019-10-25 23:39:53,176 [INFO] MicroXplorer:390 - Change Database Path : 
2019-10-25 23:39:53,176 [INFO] MicroXplorer:420 - Change Database Version : DB.5.0.40
2019-10-25 23:39:53,179 [INFO] PinOutPanel:1367 - setPackage(No Configuration,No Configuration)
2019-10-25 23:39:53,180 [INFO] UtilMem:74 - Begin LoadConfig() Used Memory: 240257368 Bytes (380633088)
2019-10-25 23:39:53,181 [INFO] OpenFileManager:269 - Change cursor
2019-10-25 23:39:55,337 [INFO] Rule:205 - rule SPDIFRX instance for mcu is applicable
2019-10-25 23:39:55,337 [INFO] Rule:205 - rule Rename Tracer Mode is applicable
2019-10-25 23:39:55,338 [INFO] Rule:205 - rule SPDIFRX instance value for IP SPDIFRX is applicable
2019-10-25 23:39:55,338 [INFO] Rule:205 - rule SPDIFRX instance for signal is applicable
2019-10-25 23:39:55,338 [INFO] Rule:205 - rule SPDIFRX instance for project manager is applicable
2019-10-25 23:39:55,338 [INFO] Rule:205 - rule SPDIFRX instance for project manager is applicable
2019-10-25 23:39:55,338 [INFO] Rule:205 - rule ADC Scan  fix with FW F7 is applicable
2019-10-25 23:39:55,338 [INFO] Rule:205 - rule ADC Scan  fix with FW F7 is applicable
2019-10-25 23:39:55,338 [INFO] Rule:205 - rule Add RTC Activate Clock Source is applicable
2019-10-25 23:39:55,338 [INFO] Rule:205 - rule Add RTC Activate Calendar 1 is applicable
2019-10-25 23:39:55,339 [INFO] Rule:205 - rule Add RTC Activate Calendar 2 is applicable
2019-10-25 23:39:55,339 [INFO] Rule:205 - rule Add RTC Activate Calendar 3 is applicable
2019-10-25 23:39:55,339 [INFO] Rule:205 - rule UART/USART TX Mode is applicable
2019-10-25 23:39:55,339 [INFO] Rule:205 - rule UART/USART RX Mode is applicable
2019-10-25 23:39:55,339 [INFO] Rule:205 - rule UART/USART RX TX Mode is applicable
2019-10-25 23:39:55,339 [INFO] Rule:205 - rule UART/USART PARITY NONE is applicable
2019-10-25 23:39:55,339 [INFO] Rule:205 - rule UART/USART PARITY EVEN is applicable
2019-10-25 23:39:55,339 [INFO] Rule:205 - rule UART/USART PARITY ODD is applicable
2019-10-25 23:39:55,339 [INFO] Rule:205 - rule USART StopBits 1 is applicable
2019-10-25 23:39:55,339 [INFO] Rule:205 - rule USART StopBits 2 is applicable
2019-10-25 23:39:55,340 [INFO] Rule:205 - rule USART StopBits 1.5 is applicable
2019-10-25 23:39:55,340 [INFO] Rule:205 - rule USART StopBits 0.5 is applicable
2019-10-25 23:39:55,340 [INFO] Rule:205 - rule UART/USART WORD LENGTH 7 is applicable
2019-10-25 23:39:55,340 [INFO] Rule:205 - rule UART/USART WORD LENGTH 8 is applicable
2019-10-25 23:39:55,340 [INFO] Rule:205 - rule UART/USART WORD LENGTH 9 is applicable
2019-10-25 23:39:55,340 [INFO] Rule:205 - rule Rename FMC NAND NCE signal is applicable
2019-10-25 23:39:55,340 [INFO] Rule:205 - rule Rename FMC NAND INT signal is applicable
2019-10-25 23:39:55,340 [INFO] Rule:205 - rule Change Default Value for ADC ExternalTrigConv L4 family is applicable
2019-10-25 23:39:55,340 [INFO] Rule:205 - rule Change Default Value for ADC ExternalTrigInjecConv L4 family is applicable
2019-10-25 23:39:55,341 [INFO] Rule:205 - rule Change Default Value for ADC ExternalTrigConv F3 family is applicable
2019-10-25 23:39:55,341 [INFO] Rule:205 - rule Change Default Value for ADC ExternalTrigInjecConv F3 family is applicable
2019-10-25 23:39:55,341 [INFO] Rule:205 - rule Change Default Value for ADC ExternalTrigConv Goldfish serie is applicable
2019-10-25 23:39:55,341 [INFO] Rule:205 - rule Change Default Value for ADC ExternalTrigInjecConv Goldfish serie is applicable
2019-10-25 23:39:55,341 [INFO] Rule:205 - rule Change Default Value for ADC ExternalTrigConv L0 family is applicable
2019-10-25 23:39:55,341 [INFO] Rule:205 - rule Change Default Value for ADC ExternalTrigConv F0 family is applicable
2019-10-25 23:39:55,341 [INFO] Rule:205 - rule Change Default Value for ADC ExternalTrigConvn L1 family is applicable
2019-10-25 23:39:55,341 [INFO] Rule:205 - rule Change Default Value for ADC ExternalTrigInjecConv L1 family is applicable
2019-10-25 23:39:55,341 [INFO] Rule:205 - rule Change Default Value for ADC ExternalTrigConv F1 family is applicable
2019-10-25 23:39:55,342 [INFO] Rule:205 - rule Change Default Value for ADC ExternalTrigInjecConv F1 family is applicable
2019-10-25 23:39:55,342 [INFO] Rule:205 - rule Change Default Value for ADC ExternalTrigConv F7 family is applicable
2019-10-25 23:39:55,342 [INFO] Rule:205 - rule Change Default Value for ADC ExternalTrigInjecConv F7 family is applicable
2019-10-25 23:39:55,342 [INFO] Rule:205 - rule Change Default Value for ADC ExternalTrigConv F4 and F2 family is applicable
2019-10-25 23:39:55,342 [INFO] Rule:205 - rule Change Default Value for ADC ExternalTrigInjecConv F4 and F2 family is applicable
2019-10-25 23:39:55,342 [INFO] Rule:205 - rule ADC SamplingTime fix with FW L0  is applicable
2019-10-25 23:39:55,342 [INFO] Rule:205 - rule ADC SamplingTime fix with FW L0  is applicable
2019-10-25 23:39:55,342 [INFO] Rule:205 - rule ADC SamplingTime fix with FW L0 is applicable
2019-10-25 23:39:55,342 [INFO] Rule:205 - rule ADC SamplingTime fix with FW L0 is applicable
2019-10-25 23:39:55,342 [INFO] Rule:205 - rule ADC SamplingTime fix with FW L0  is applicable
2019-10-25 23:39:55,343 [INFO] Rule:205 - rule ADC SamplingTime fix with FW L0 is applicable
2019-10-25 23:39:55,343 [INFO] Rule:205 - rule Rename USB_OE Signal is applicable
2019-10-25 23:39:55,343 [INFO] Rule:205 - rule Rename Activate_OE Mode is applicable
2019-10-25 23:39:55,343 [INFO] Rule:205 - rule Rename DIE462/DIE415 pin PC14/OSC32_IN -> PC14-OSC32_IN (PC14) is applicable
2019-10-25 23:39:55,343 [INFO] Rule:205 - rule Rename DIE462/DIE415 pin PC15/OSC32_OUT -> PC15-OSC32_OUT (PC15) is applicable
2019-10-25 23:39:55,343 [INFO] Rule:205 - rule Rename DIE462/DIE415 pin PH0/OSC_IN -> PH0-OSC_IN (PH0) is applicable
2019-10-25 23:39:55,343 [INFO] Rule:205 - rule Rename DIE462/DIE415 pin PH1/OSC_OUT -> PH1-OSC_OUT (PH1) is applicable
2019-10-25 23:39:55,343 [INFO] Rule:205 - rule Rename DIE462 pin PA13 -> PA13 (JTMS/SWDIO) is applicable
2019-10-25 23:39:55,343 [INFO] Rule:205 - rule Rename DIE415 pin PA13 -> PA13 (JTMS/SWDIO) is applicable
2019-10-25 23:39:55,343 [INFO] Rule:205 - rule Rename DIE462 pin PA14 -> PA14 (JTCK/SWCLK) is applicable
2019-10-25 23:39:55,343 [INFO] Rule:205 - rule Rename DIE415 pin PA14 -> PA14 (JTCK/SWCLK) is applicable
2019-10-25 23:39:55,344 [INFO] Rule:205 - rule Rename DIE462/DIE415 pin PA15 -> PA15 (JTDI) is applicable
2019-10-25 23:39:55,344 [INFO] Rule:205 - rule Rename DIE462 pin PB3 -> PB3 (JTD0/TRACESWO) is applicable
2019-10-25 23:39:55,344 [INFO] Rule:205 - rule Rename DIE415 pin PB3 -> PB3 (JTD0-TRACESWO) is applicable
2019-10-25 23:39:55,344 [INFO] Rule:205 - rule Rename DIE462/DIE415 pin PB4 -> PB4 (NJTRST) is applicable
2019-10-25 23:39:55,344 [INFO] Rule:205 - rule Rename DIE462 pin PH3/BOOT0 -> PH3-BOOT0 (BOOT0) is applicable
2019-10-25 23:39:55,344 [INFO] Rule:205 - rule Rename CRYP DataEncryptionTypesList to Algorithm is applicable
2019-10-25 23:39:55,344 [INFO] Rule:205 - rule Rename AES DataEncryptionTypesList to Algorithm is applicable
2019-10-25 23:39:55,344 [INFO] Rule:205 - rule Rename TDESECB to CRYP_TDES_ECB is applicable
2019-10-25 23:39:55,344 [INFO] Rule:205 - rule Rename TDESCBC to CRYP_TDES_CBC is applicable
2019-10-25 23:39:55,345 [INFO] Rule:205 - rule Rename DESECB to CRYP_DES_ECB is applicable
2019-10-25 23:39:55,345 [INFO] Rule:205 - rule Rename DESCBC to CRYP_DES_CBC is applicable
2019-10-25 23:39:55,345 [INFO] Rule:205 - rule Rename AESECB to CRYP_AES_ECB is applicable
2019-10-25 23:39:55,345 [INFO] Rule:205 - rule Rename AESCBC to CRYP_AES_CBC is applicable
2019-10-25 23:39:55,345 [INFO] Rule:205 - rule Rename AESCTR to CRYP_AES_CTR is applicable
2019-10-25 23:39:55,345 [INFO] Rule:205 - rule Rename AESGCM to CRYP_AES_GCM is applicable
2019-10-25 23:39:55,345 [INFO] Rule:205 - rule Rename AESCCM to CRYP_AES_CCM is applicable
2019-10-25 23:39:55,346 [INFO] Rule:205 - rule Rename CAN TimeSeg1 to BS1 is applicable
2019-10-25 23:39:55,346 [INFO] Rule:205 - rule Rename CAN TimeSeg2 to BS2 is applicable
2019-10-25 23:39:55,346 [INFO] Rule:205 - rule Rename CAN SyncJumpWidth to SJW is applicable
2019-10-25 23:39:55,346 [INFO] Rule:205 - rule TimeTriggeredMode to TTCM is applicable
2019-10-25 23:39:55,346 [INFO] Rule:205 - rule Rename CAN AutoBusOff to ABOM is applicable
2019-10-25 23:39:55,346 [INFO] Rule:205 - rule Rename CAN AutoWakeUp to AWUM is applicable
2019-10-25 23:39:55,346 [INFO] Rule:205 - rule Rename CAN AutoRetransmission to NART is applicable
2019-10-25 23:39:55,346 [INFO] Rule:205 - rule Rename CAN ReceiveFifoLocked to RFLM is applicable
2019-10-25 23:39:55,347 [INFO] Rule:205 - rule Rename CAN TransmitFifoPriority to TXFP is applicable
2019-10-25 23:39:55,347 [INFO] Rule:205 - rule Rename HRTIMER HRTIM_OUTPUTFAULTLEVEL_HIGH in HRTIMER HRTIM_OUTPUTFAULTLEVEL_HIGHZ is applicable
2019-10-25 23:39:55,347 [INFO] Rule:205 - rule Rename TIMER TIM_CLEARINPUTSOURCE_OCREFCLR in  TIMER TIM_CLEARINPUTSOURCE_NONE for F7 family is applicable
2019-10-25 23:39:55,347 [INFO] Rule:205 - rule FDCAN_R1 - Rename FDCAN mode Master into Classic is applicable
2019-10-25 23:39:55,347 [INFO] Rule:205 - rule FDCAN_R2 - Rename FDCAN mode Slave into Classic is applicable
2019-10-25 23:39:55,347 [INFO] Rule:205 - rule FDCAN1_R3 - if PA10.Mode=FullDuplex, add Pin PA12 is applicable
2019-10-25 23:39:55,347 [INFO] Rule:205 - rule FDCAN1_R3 - if PA9.Mode=FullDuplex, add Pin PA11 is applicable
2019-10-25 23:39:55,347 [INFO] Rule:205 - rule FDCAN1_R3 - Alternatepin_1 - if PE1.Mode=FullDuplex, add Pin PB9 is applicable
2019-10-25 23:39:55,348 [INFO] Rule:205 - rule FDCAN1_R3 - Alternatepin_1 - if PE0.Mode=FullDuplex, add Pin PB8 is applicable
2019-10-25 23:39:55,348 [INFO] Rule:205 - rule FDCAN1_R3 - Alternatepin_2 - if PD5.Mode=FullDuplex, add Pin PD1 is applicable
2019-10-25 23:39:55,348 [INFO] Rule:205 - rule FDCAN1_R3 - Alternatepin_2 - if PD4.Mode=FullDuplex, add Pin PD0 is applicable
2019-10-25 23:39:55,348 [INFO] Rule:205 - rule FDCAN1_R4 - Rename Mode FullDuplex into Enable FDCAN_TXFD for pin PA10 is applicable
2019-10-25 23:39:55,348 [INFO] Rule:205 - rule FDCAN1_R4 - Rename Mode FullDuplex into Enable FDCAN_TXFD for pin PA9 is applicable
2019-10-25 23:39:55,348 [INFO] Rule:205 - rule FDCAN1_R4 - Alternatepin_1 - Rename Mode FullDuplex into Enable FDCAN_TXFD for pin PE1 is applicable
2019-10-25 23:39:55,348 [INFO] Rule:205 - rule FDCAN1_R4 - Alternatepin_1 - Rename Mode FullDuplex into Enable FDCAN_TXFD for pin PE0 is applicable
2019-10-25 23:39:55,348 [INFO] Rule:205 - rule FDCAN1_R4 - Alternatepin_2 - Rename Mode FullDuplex into Enable FDCAN_TXFD for pin PD5 is applicable
2019-10-25 23:39:55,348 [INFO] Rule:205 - rule FDCAN1_R4 - Alternatepin_2 - Rename Mode FullDuplex into Enable FDCAN_TXFD for pin PD4 is applicable
2019-10-25 23:39:55,349 [INFO] Rule:205 - rule FDCAN2_R3 - if PD10.Mode=FullDuplex, add Pin PB13 is applicable
2019-10-25 23:39:55,349 [INFO] Rule:205 - rule FDCAN2_R3 - if PD9.Mode=FullDuplex, add Pin PB12 is applicable
2019-10-25 23:39:55,349 [INFO] Rule:205 - rule FDCAN2_R3 - Alternatepin_1 - if PB7.Mode=FullDuplex, add Pin PB6 is applicable
2019-10-25 23:39:55,349 [INFO] Rule:205 - rule FDCAN2_R3 - Alternatepin_1 - if PD9.Mode=FullDuplex, add Pin PB12 is applicable
2019-10-25 23:39:55,349 [INFO] Rule:205 - rule FDCAN2_R4 - Rename Mode FullDuplex into Enable FDCAN_TXFD for pin PD10 is applicable
2019-10-25 23:39:55,349 [INFO] Rule:205 - rule FDCAN2_R4 - Rename Mode FullDuplex into Enable FDCAN_TXFD for pin PD9 is applicable
2019-10-25 23:39:55,349 [INFO] Rule:205 - rule FDCAN2_R4 - Alternatepin_1 - Rename Mode FullDuplex into Enable FDCAN_TXFD for pin PB7 is applicable
2019-10-25 23:39:55,349 [INFO] Rule:205 - rule FDCAN2_R4 - Alternatepin_1 - Rename Mode FullDuplex into Enable FDCAN_TXFD for pin PD6 is applicable
2019-10-25 23:39:55,350 [INFO] Rule:205 - rule USART TxPinLevelInvertParam Mode is applicable
2019-10-25 23:39:55,350 [INFO] Rule:205 - rule USART RxPinLevelInvertParam Mode is applicable
2019-10-25 23:39:55,350 [INFO] Rule:205 - rule USART DataInvertParam Mode is applicable
2019-10-25 23:39:55,350 [INFO] Rule:205 - rule USART SwapParam Mode is applicable
2019-10-25 23:39:55,350 [INFO] Rule:205 - rule USART OverrunDisableParam Mode is applicable
2019-10-25 23:39:55,350 [INFO] Rule:205 - rule USART DMADisableonRxErrorParam Mode is applicable
2019-10-25 23:39:55,350 [INFO] Rule:205 - rule USART MSBFirstParam Mode is applicable
2019-10-25 23:39:55,350 [INFO] Rule:205 - rule Update MwName for USB_DEVICE is applicable
2019-10-25 23:39:55,350 [INFO] Rule:205 - rule Change PWR_Regulator_Voltage_Scale Default Value for RCC  H7 family is applicable
2019-10-25 23:39:55,351 [INFO] Rule:205 - rule UART/USART IPParameter rename Prescaler parameter to ClockPrescaler is applicable
2019-10-25 23:39:55,351 [INFO] Rule:205 - rule UART/USART Prescaler rename Prescaler parameter to ClockPrescaler is applicable
2019-10-25 23:39:55,351 [INFO] Rule:205 - rule TIM1CLockSelection is applicable
2019-10-25 23:39:55,351 [INFO] Rule:205 - rule TIM15CLockSelection is applicable
2019-10-25 23:39:55,351 [INFO] Rule:205 - rule align RCC SDMMC3CLockSelection default value on MP1 is applicable
2019-10-25 23:39:55,351 [INFO] Rule:205 - rule align RCC SDMMC12CLockSelection default value on MP1 is applicable
2019-10-25 23:39:55,351 [INFO] Rule:205 - rule align RCC QSPICLockSelection default value on MP1 is applicable
2019-10-25 23:39:55,351 [INFO] Rule:205 - rule align RCC QSPICLockSelection default value on MP1 is applicable
2019-10-25 23:39:55,351 [INFO] Rule:205 - rule align RCC SPI6CLockSelection default value on MP1 is applicable
2019-10-25 23:39:55,351 [INFO] Rule:205 - rule align RCC LPTIM23CLockSelection default value on MP1 is applicable
2019-10-25 23:39:55,352 [INFO] Rule:205 - rule align RCC LPTIM1CLockSelection default value on MP1 is applicable
2019-10-25 23:39:55,352 [INFO] Rule:205 - rule align RCC USART1CLockSelection default value on MP1 is applicable
2019-10-25 23:39:55,352 [INFO] Rule:205 - rule align RCC USART24CLockSelection default value on MP1 is applicable
2019-10-25 23:39:55,352 [INFO] Rule:205 - rule align RCC USART6CLockSelection default value on MP1 is applicable
2019-10-25 23:39:55,352 [INFO] Rule:205 - rule align RCC UART78CLockSelection default value on MP1 is applicable
2019-10-25 23:39:55,352 [INFO] Rule:205 - rule align RCC USART35CLockSelection default value on MP1 is applicable
2019-10-25 23:39:55,352 [INFO] Rule:205 - rule align RCC SPI45CLockSelection default value on MP1 is applicable
2019-10-25 23:39:55,352 [INFO] Rule:205 - rule align RCC I2C46CLockSelection BCLK value on MP1 is applicable
2019-10-25 23:39:55,352 [INFO] Rule:205 - rule align RCC SPI45CLockSelection default value on MP1 is applicable
2019-10-25 23:39:55,352 [INFO] Rule:205 - rule align RCC I2C12CLockSelection default value on MP1 is applicable
2019-10-25 23:39:55,353 [INFO] Rule:205 - rule align RCC I2C35CLockSelection default value on MP1 is applicable
2019-10-25 23:39:55,353 [INFO] Rule:205 - rule align RCC LPTIM45CLockSelection default value on MP1 is applicable
2019-10-25 23:39:55,353 [INFO] Rule:205 - rule Rename DCMI PIXCK signal is applicable
2019-10-25 23:39:55,353 [INFO] Rule:205 - rule Change Default Value for I2C46CLockSelection MP1 family is applicable
2019-10-25 23:39:55,353 [INFO] Rule:205 - rule Change Default Value for UART for G4, G0 and WB families is applicable
2019-10-25 23:39:55,353 [INFO] Rule:205 - rule Change Default Value for USART for G4, G0 and WB families is applicable
2019-10-25 23:39:55,353 [INFO] Rule:205 - rule Change Default Value for USART for G4 family is applicable
2019-10-25 23:39:55,384 [INFO] DbConfProperties:222 - Apply Compatibility (47/144 Rules)
2019-10-25 23:39:55,402 [INFO] ImportTextPane:162 - (OptionalMessage_ERROR) Unable to find key (Mcu.ThirdPartyNb) in loaded IOC file
2019-10-25 23:39:55,453 [INFO] ImportTextPane:162 - (OptionalMessage_ERROR) IP (RCC) : Parameter (RTCHSEDivFreq_Value) has invalid value (4000000)
2019-10-25 23:39:55,702 [INFO] UtilMem:74 - End LoadConfig() Used Memory: 325265416 Bytes (380633088)
2019-10-25 23:39:55,704 [ERROR] XmlFileManage:127 - Cannot load XML file C:/Users/ярчик/.stm32cubemx/plugins/thirdparty/db/thirdparties_db.xml: unknown protocol: c
2019-10-25 23:39:55,705 [INFO] ThirdPartyDb:294 - Open Third Party DataBase File (C:/Users/ярчик/.stm32cubemx/plugins/thirdparty/db/thirdparties_db.xml) : 0 ms. number of Sw pack : 0
2019-10-25 23:39:55,988 [INFO] PinOutPanel:1367 - setPackage(No Configuration,No Configuration)
2019-10-25 23:39:55,989 [INFO] PinOutPanel:1367 - setPackage(STM32F407VGTx,LQFP100)
2019-10-25 23:39:56,442 [INFO] UtilMem:74 - Before build in PCC Used Memory: 229760912 Bytes (380633088)
2019-10-25 23:39:56,728 [INFO] SharedServices:71 - Folder for power plug-in: C:/Users/ярчик/.stm32cubemx/plugins/power
2019-10-25 23:39:56,730 [INFO] UtilMem:74 - After build in PCC Used Memory: 243914648 Bytes (380633088)
2019-10-25 23:39:56,739 [INFO] BlockDiagram:1827 - stop enableDisableButtons
2019-10-25 23:39:56,739 [INFO] IPUIPlugin:63 - create IPUIPlugin
2019-10-25 23:39:56,739 [INFO] IPUIPlugin:63 - create IPUIPlugin
2019-10-25 23:39:56,740 [INFO] IPUIPlugin:63 - create IPUIPlugin
2019-10-25 23:39:56,740 [INFO] IPUIPlugin:63 - create IPUIPlugin
2019-10-25 23:39:56,740 [INFO] IPUIPlugin:63 - create IPUIPlugin
2019-10-25 23:39:56,740 [INFO] IPUIPlugin:63 - create IPUIPlugin
2019-10-25 23:39:56,740 [INFO] IPUIPlugin:63 - create IPUIPlugin
2019-10-25 23:39:56,740 [INFO] IPUIPlugin:63 - create IPUIPlugin
2019-10-25 23:39:56,741 [INFO] IPUIPlugin:63 - create IPUIPlugin
2019-10-25 23:39:56,741 [INFO] IPUIPlugin:63 - create IPUIPlugin
2019-10-25 23:39:56,741 [INFO] IPUIPlugin:63 - create IPUIPlugin
2019-10-25 23:39:56,741 [INFO] IPUIPlugin:63 - create IPUIPlugin
2019-10-25 23:39:56,741 [INFO] IPUIPlugin:63 - create IPUIPlugin
2019-10-25 23:39:56,741 [INFO] IPUIPlugin:63 - create IPUIPlugin
2019-10-25 23:39:56,742 [INFO] IPUIPlugin:63 - create IPUIPlugin
2019-10-25 23:39:56,742 [INFO] IPUIPlugin:63 - create IPUIPlugin
2019-10-25 23:39:56,742 [INFO] IPUIPlugin:63 - create IPUIPlugin
2019-10-25 23:39:56,742 [INFO] IPUIPlugin:63 - create IPUIPlugin
2019-10-25 23:39:56,742 [INFO] IPUIPlugin:63 - create IPUIPlugin
2019-10-25 23:39:56,743 [INFO] IPUIPlugin:63 - create IPUIPlugin
2019-10-25 23:39:56,743 [INFO] IPUIPlugin:63 - create IPUIPlugin
2019-10-25 23:39:56,743 [INFO] IPUIPlugin:63 - create IPUIPlugin
2019-10-25 23:39:56,743 [INFO] IPUIPlugin:63 - create IPUIPlugin
2019-10-25 23:39:56,743 [INFO] IPUIPlugin:63 - create IPUIPlugin
2019-10-25 23:39:56,744 [INFO] IPUIPlugin:63 - create IPUIPlugin
2019-10-25 23:39:56,744 [INFO] IPUIPlugin:63 - create IPUIPlugin
2019-10-25 23:39:56,744 [INFO] IPUIPlugin:63 - create IPUIPlugin
2019-10-25 23:39:56,744 [INFO] IPUIPlugin:63 - create IPUIPlugin
2019-10-25 23:39:56,745 [INFO] IPUIPlugin:63 - create IPUIPlugin
2019-10-25 23:39:56,745 [INFO] IPUIPlugin:63 - create IPUIPlugin
2019-10-25 23:39:56,745 [INFO] IPUIPlugin:63 - create IPUIPlugin
2019-10-25 23:39:56,745 [INFO] IPUIPlugin:63 - create IPUIPlugin
2019-10-25 23:39:56,745 [INFO] IPUIPlugin:63 - create IPUIPlugin
2019-10-25 23:39:56,746 [INFO] IPUIPlugin:63 - create IPUIPlugin
2019-10-25 23:39:56,746 [INFO] IPUIPlugin:63 - create IPUIPlugin
2019-10-25 23:39:56,746 [INFO] IPUIPlugin:63 - create IPUIPlugin
2019-10-25 23:39:56,746 [INFO] IPUIPlugin:63 - create IPUIPlugin
2019-10-25 23:39:56,747 [INFO] IPUIPlugin:63 - create IPUIPlugin
2019-10-25 23:39:56,747 [INFO] IPUIPlugin:63 - create IPUIPlugin
2019-10-25 23:39:56,747 [INFO] IPUIPlugin:63 - create IPUIPlugin
2019-10-25 23:39:56,747 [INFO] IPUIPlugin:63 - create IPUIPlugin
2019-10-25 23:39:56,747 [INFO] IPUIPlugin:63 - create IPUIPlugin
2019-10-25 23:39:56,748 [INFO] IPUIPlugin:63 - create IPUIPlugin
2019-10-25 23:39:56,748 [INFO] IPUIPlugin:63 - create IPUIPlugin
2019-10-25 23:39:56,748 [INFO] IPUIPlugin:63 - create IPUIPlugin
2019-10-25 23:39:56,748 [INFO] IPUIPlugin:63 - create IPUIPlugin
2019-10-25 23:39:56,748 [INFO] IPUIPlugin:63 - create IPUIPlugin
2019-10-25 23:39:56,748 [INFO] IPUIPlugin:63 - create IPUIPlugin
2019-10-25 23:39:56,748 [INFO] IPUIPlugin:63 - create IPUIPlugin
2019-10-25 23:39:56,749 [INFO] IPUIPlugin:63 - create IPUIPlugin
2019-10-25 23:39:56,749 [INFO] IPUIPlugin:63 - create IPUIPlugin
2019-10-25 23:39:56,749 [INFO] IPUIPlugin:63 - create IPUIPlugin
2019-10-25 23:39:56,749 [INFO] IPUIPlugin:63 - create IPUIPlugin
2019-10-25 23:39:56,749 [INFO] IPUIPlugin:63 - create IPUIPlugin
2019-10-25 23:39:56,750 [INFO] IPUIPlugin:63 - create IPUIPlugin
2019-10-25 23:39:56,750 [INFO] IPUIPlugin:63 - create IPUIPlugin
2019-10-25 23:39:56,750 [INFO] IPUIPlugin:63 - create IPUIPlugin
2019-10-25 23:39:56,750 [INFO] IPUIPlugin:63 - create IPUIPlugin
2019-10-25 23:39:56,758 [WARN] IP:1925 - I2C_Coeff_DF not found: check if there is a RefParameter without a condition.
2019-10-25 23:39:56,758 [WARN] IP:1925 - Analog_Filter not found: check if there is a RefParameter without a condition.
2019-10-25 23:39:56,768 [INFO] I2sManager:616 - 9.6E7
2019-10-25 23:39:56,768 [INFO] I2sManager:173 - I2S Clock Value : 9.6E7
2019-10-25 23:39:56,769 [INFO] I2sManager:510 - AudioClock : 93750Divider : 2Odd : 0
2019-10-25 23:39:56,769 [INFO] BlockDiagram:1827 - stop enableDisableButtons
2019-10-25 23:39:56,785 [INFO] LogOutputStream:76 - [STDOUT_REDIRECT] toolchainItems.length=====1
2019-10-25 23:39:56,868 [INFO] OpenFileManager:289 - Restore cursor
2019-10-25 23:39:56,925 [WARN] IP:1925 - I2C_Coeff_DF not found: check if there is a RefParameter without a condition.
2019-10-25 23:39:56,925 [WARN] IP:1925 - Analog_Filter not found: check if there is a RefParameter without a condition.
2019-10-25 23:39:56,925 [WARN] IP:1925 - I2C_Coeff_DF not found: check if there is a RefParameter without a condition.
2019-10-25 23:39:56,926 [WARN] IP:1925 - Analog_Filter not found: check if there is a RefParameter without a condition.
2019-10-25 23:39:57,021 [INFO] ApiDbMcu:445 - Load IP Config File for USB_HOST
2019-10-25 23:39:57,029 [INFO] BlockDiagram:1827 - stop enableDisableButtons
2019-10-25 23:39:57,059 [INFO] BlockDiagram:1827 - stop enableDisableButtons
2019-10-25 23:39:57,183 [INFO] UtilMem:74 - End SaveConfig() Used Memory: 294246296 Bytes (380633088)
2019-10-25 23:39:57,217 [INFO] UtilMem:74 - End SaveConfig() Used Memory: 300015504 Bytes (380633088)
2019-10-25 23:39:57,630 [INFO] BlockDiagram:1871 - set Specific Code input for plugin: SPI
2019-10-25 23:39:57,630 [INFO] BlockDiagram:1871 - set Specific Code input for plugin: I2S
2019-10-25 23:39:57,631 [INFO] BlockDiagram:1871 - set Specific Code input for plugin: SYS
2019-10-25 23:39:57,631 [INFO] BlockDiagram:1871 - set Specific Code input for plugin: RCC
2019-10-25 23:39:57,631 [INFO] BlockDiagram:1871 - set Specific Code input for plugin: I2C
2019-10-25 23:39:57,631 [INFO] BlockDiagram:1871 - set Specific Code input for plugin: USB_OTG_FS
2019-10-25 23:39:57,631 [INFO] BlockDiagram:1871 - set Specific Code input for plugin: NVIC
2019-10-25 23:39:57,631 [INFO] BlockDiagram:1871 - set Specific Code input for plugin: USB_HOST
2019-10-25 23:39:57,632 [INFO] BlockDiagram:1871 - set Specific Code input for plugin: GPIO
2019-10-25 23:39:57,633 [INFO] CodeGenerator:598 - code generatio: config db path: C:\ST\STM32CubeIDE_1.0.2\STM32CubeIDE\plugins\com.st.stm32cube.common.mx_5.4.0.201910091541\\db\
2019-10-25 23:39:57,649 [WARN] IP:1925 - I2C_Coeff_DF not found: check if there is a RefParameter without a condition.
2019-10-25 23:39:57,650 [WARN] IP:1925 - Analog_Filter not found: check if there is a RefParameter without a condition.
2019-10-25 23:39:58,197 [INFO] CodeEngine:193 - oldGeneratedFile, D:\Projects STM\Lesson1\MXTmpFiles\license.tmp_save
2019-10-25 23:39:58,549 [INFO] CodeEngine:211 - Generated code: D:\Projects STM\Lesson1\MXTmpFiles\license.tmp
2019-10-25 23:39:58,636 [INFO] CodeEngine:193 - oldGeneratedFile, D:\Projects STM\Lesson1\MXTmpFiles\gpio.tmp_save
2019-10-25 23:39:58,790 [INFO] CodeEngine:211 - Generated code: D:\Projects STM\Lesson1\MXTmpFiles\gpio.tmp
2019-10-25 23:39:58,794 [INFO] LogOutputStream:76 - [STDOUT_REDIRECT] Command line test
2019-10-25 23:39:58,851 [INFO] CodeEngine:193 - oldGeneratedFile, D:\Projects STM\Lesson1\MXTmpFiles\usb_otg_fs_vars.tmp_save
2019-10-25 23:39:58,928 [INFO] CodeEngine:211 - Generated code: D:\Projects STM\Lesson1\MXTmpFiles\usb_otg_fs_vars.tmp
2019-10-25 23:39:58,933 [INFO] CodeEngine:193 - oldGeneratedFile, D:\Projects STM\Lesson1\MXTmpFiles\usb_otg_fs_inc.tmp_save
2019-10-25 23:39:58,986 [INFO] CodeEngine:211 - Generated code: D:\Projects STM\Lesson1\MXTmpFiles\usb_otg_fs_inc.tmp
2019-10-25 23:39:58,994 [INFO] CodeEngine:193 - oldGeneratedFile, D:\Projects STM\Lesson1\MXTmpFiles\usb_otg_fs_HalInit.tmp_save
2019-10-25 23:39:59,092 [INFO] CodeEngine:211 - Generated code: D:\Projects STM\Lesson1\MXTmpFiles\usb_otg_fs_HalInit.tmp
2019-10-25 23:39:59,101 [INFO] CodeEngine:193 - oldGeneratedFile, D:\Projects STM\Lesson1\MXTmpFiles\usb_otg_fs_Msp.tmp_save
2019-10-25 23:39:59,206 [INFO] CodeEngine:211 - Generated code: D:\Projects STM\Lesson1\MXTmpFiles\usb_otg_fs_Msp.tmp
2019-10-25 23:39:59,456 [INFO] LogOutputStream:76 - [STDOUT_REDIRECT] Command line
2019-10-25 23:39:59,457 [INFO] LogOutputStream:76 - [STDOUT_REDIRECT] Debug : prepare data for I2C
2019-10-25 23:39:59,459 [INFO] LogOutputStream:76 - [STDOUT_REDIRECT] Command line test
2019-10-25 23:39:59,461 [INFO] LogOutputStream:76 - [STDOUT_REDIRECT] Command line
2019-10-25 23:39:59,462 [INFO] LogOutputStream:76 - [STDOUT_REDIRECT] Debug : prepare data for I2S
2019-10-25 23:39:59,463 [INFO] LogOutputStream:76 - [STDOUT_REDIRECT] Command line test
2019-10-25 23:39:59,465 [INFO] LogOutputStream:76 - [STDOUT_REDIRECT] Command line
2019-10-25 23:39:59,466 [INFO] LogOutputStream:76 - [STDOUT_REDIRECT] Debug : prepare data for SPI
2019-10-25 23:39:59,467 [INFO] LogOutputStream:76 - [STDOUT_REDIRECT] Command line test
2019-10-25 23:39:59,469 [INFO] LogOutputStream:76 - [STDOUT_REDIRECT] Command line
2019-10-25 23:39:59,470 [INFO] LogOutputStream:76 - [STDOUT_REDIRECT] Debug : prepare data for SYS
2019-10-25 23:39:59,471 [INFO] LogOutputStream:76 - [STDOUT_REDIRECT] Command line test
2019-10-25 23:39:59,473 [INFO] LogOutputStream:76 - [STDOUT_REDIRECT] Command line
2019-10-25 23:39:59,492 [INFO] CodeEngine:193 - oldGeneratedFile, D:\Projects STM\Lesson1\USB_HOST\App\usb_host.c_save
2019-10-25 23:39:59,626 [INFO] CodeEngine:211 - Generated code: D:\Projects STM\Lesson1\USB_HOST\App\usb_host.c
2019-10-25 23:39:59,633 [INFO] CodeEngine:193 - oldGeneratedFile, D:\Projects STM\Lesson1\USB_HOST\App\usb_host.h_save
2019-10-25 23:39:59,705 [INFO] CodeEngine:211 - Generated code: D:\Projects STM\Lesson1\USB_HOST\App\usb_host.h
2019-10-25 23:39:59,711 [INFO] CodeEngine:193 - oldGeneratedFile, D:\Projects STM\Lesson1\USB_HOST\Target\usbh_conf.h_save
2019-10-25 23:39:59,784 [INFO] CodeEngine:211 - Generated code: D:\Projects STM\Lesson1\USB_HOST\Target\usbh_conf.h
2019-10-25 23:39:59,790 [INFO] CodeEngine:193 - oldGeneratedFile, D:\Projects STM\Lesson1\USB_HOST\Target\usbh_conf.c_save
2019-10-25 23:39:59,871 [INFO] CodeEngine:211 - Generated code: D:\Projects STM\Lesson1\USB_HOST\Target\usbh_conf.c
2019-10-25 23:39:59,878 [INFO] CodeEngine:193 - oldGeneratedFile, D:\Projects STM\Lesson1\USB_HOST\Target\usbh_platform.c_save
2019-10-25 23:39:59,930 [INFO] CodeEngine:211 - Generated code: D:\Projects STM\Lesson1\USB_HOST\Target\usbh_platform.c
2019-10-25 23:39:59,934 [INFO] CodeEngine:193 - oldGeneratedFile, D:\Projects STM\Lesson1\USB_HOST\Target\usbh_platform.h_save
2019-10-25 23:39:59,985 [INFO] CodeEngine:211 - Generated code: D:\Projects STM\Lesson1\USB_HOST\Target\usbh_platform.h
2019-10-25 23:39:59,986 [INFO] LogOutputStream:76 - [STDOUT_REDIRECT] Debug : prepare data for NVIC
2019-10-25 23:39:59,987 [INFO] LogOutputStream:76 - [STDOUT_REDIRECT] Command line test
2019-10-25 23:39:59,994 [INFO] CodeEngine:193 - oldGeneratedFile, D:\Projects STM\Lesson1\Core\Src\stm32f4xx_it.c_save
2019-10-25 23:40:00,091 [INFO] CodeEngine:211 - Generated code: D:\Projects STM\Lesson1\Core\Src\stm32f4xx_it.c
2019-10-25 23:40:00,098 [INFO] CodeEngine:193 - oldGeneratedFile, D:\Projects STM\Lesson1\Core\Inc\stm32f4xx_it.h_save
2019-10-25 23:40:00,185 [INFO] CodeEngine:211 - Generated code: D:\Projects STM\Lesson1\Core\Inc\stm32f4xx_it.h
2019-10-25 23:40:00,198 [INFO] CodeEngine:193 - oldGeneratedFile, D:\Projects STM\Lesson1\Core\Src\stm32f4xx_hal_msp.c_save
2019-10-25 23:40:00,296 [INFO] CodeEngine:211 - Generated code: D:\Projects STM\Lesson1\Core\Src\stm32f4xx_hal_msp.c
2019-10-25 23:40:00,303 [INFO] CodeEngine:193 - oldGeneratedFile, D:\Projects STM\Lesson1\MXTmpFiles\system.tmp_save
2019-10-25 23:40:00,376 [INFO] CodeEngine:211 - Generated code: D:\Projects STM\Lesson1\MXTmpFiles\system.tmp
2019-10-25 23:40:00,383 [INFO] CodeEngine:193 - oldGeneratedFile, D:\Projects STM\Lesson1\Core\Inc\stm32f4xx_hal_conf.h_save
2019-10-25 23:40:00,443 [INFO] CodeEngine:211 - Generated code: D:\Projects STM\Lesson1\Core\Inc\stm32f4xx_hal_conf.h
2019-10-25 23:40:00,460 [WARN] IPConfigManager:2673 - IP not found : gpio
2019-10-25 23:40:00,461 [WARN] CodeGenerator:2697 - IP not found : gpio
2019-10-25 23:40:00,468 [INFO] CodeEngine:193 - oldGeneratedFile, D:\Projects STM\Lesson1\Core\Inc\main.h_save
2019-10-25 23:40:00,557 [INFO] CodeEngine:211 - Generated code: D:\Projects STM\Lesson1\Core\Inc\main.h
2019-10-25 23:40:00,566 [INFO] CodeEngine:193 - oldGeneratedFile, D:\Projects STM\Lesson1\Core\Src\main.c_save
2019-10-25 23:40:00,660 [INFO] CodeEngine:211 - Generated code: D:\Projects STM\Lesson1\Core\Src\main.c
2019-10-25 23:40:01,447 [INFO] ProjectBuilder:1645 - Time for Copy HAL[1] : 176mS.
2019-10-25 23:40:01,454 [INFO] ProjectBuilder:2206 - Project Generator version: 3.5.2
2019-10-25 23:40:01,784 [INFO] ConfigFileManager:953 - The Die is : DIE413
2019-10-25 23:40:07,583 [INFO] ProjectBuilder:2373 - Time for Generating toolchain IDE Files: 6129mS.
2019-10-25 23:40:07,584 [INFO] ProjectBuilder:1505 - Time for Copy CMSIS : 1mS.
2019-10-25 23:40:07,587 [INFO] ProjectBuilder:1505 - Time for Copy CMSIS : 0mS.
